[2026-03-12 17:40:11 CET] Starting free-tier dispatcher run
[2026-03-12 17:40:11 CET] TELEGRAM_CHANNEL_FREE not set in environment; scanning .env files
[2026-03-12 17:40:11 CET] Found TELEGRAM_CHANNEL_FREE in ./.env.example
[2026-03-12 17:40:11 CET] Running: node free-tier-dispatcher.mjs
[dispatcher] 🚀 Free Tier Dispatcher starting — 12.3.2026, 17:40:12
[dispatcher] 📊 Queue: 0 pending | 13 due | 0 sent | 13 total queued
[dispatcher] 📤 13 alert(s) ready to dispatch
[dispatcher] ⚠️  TELEGRAM_CHANNEL_FREE not set. Set the env var to enable free channel posting.
[dispatcher] 📋 Would have sent: 13 alerts
  - Unknown Card (S-tier, score 85) — queued 2026-03-03T07:17:44.770Z
  - Unknown Card (S-tier, score 85) — queued 2026-03-03T07:17:45.751Z
  - Unknown Card (S-tier, score 100) — queued 2026-03-03T07:17:46.696Z
  - Unknown Card (S-tier, score 100) — queued 2026-03-03T07:17:47.933Z
  - Unknown Card (S-tier, score 100) — queued 2026-03-03T07:17:48.934Z
  - Unknown Card (S-tier, score 93) — queued 2026-03-03T07:17:49.904Z
  - Unknown Card (A-tier, score 92) — queued 2026-03-03T07:17:50.897Z
  - Unknown Card (A-tier, score 92) — queued 2026-03-03T07:17:51.856Z
  - Unknown Card (A-tier, score 100) — queued 2026-03-03T07:17:52.839Z
  - Unknown Card (A-tier, score 92) — queued 2026-03-03T07:17:53.821Z
  - Unknown Card (A-tier, score 92) — queued 2026-03-03T07:17:54.936Z
  - Unknown Card (A-tier, score 85) — queued 2026-03-03T07:17:55.919Z
  - Unknown Card (A-tier, score 80) — queued 2026-03-03T07:17:56.870Z
[2026-03-12 17:40:11 CET] free-tier-dispatcher exit code: 0
[dispatcher] 🚀 Free Tier Dispatcher starting — 19.3.2026, 12:00:00
[dispatcher] 📊 Queue: 0 pending | 13 due | 0 sent | 13 total queued
[dispatcher] 📤 13 alert(s) ready to dispatch
[dispatcher] ⚠️  TELEGRAM_CHANNEL_FREE not set. Set the env var to enable free channel posting.
[dispatcher] 📋 Would have sent: 13 alerts
  - Unknown Card (S-tier, score 85) — queued 2026-03-03T07:17:44.770Z
  - Unknown Card (S-tier, score 85) — queued 2026-03-03T07:17:45.751Z
  - Unknown Card (S-tier, score 100) — queued 2026-03-03T07:17:46.696Z
  - Unknown Card (S-tier, score 100) — queued 2026-03-03T07:17:47.933Z
  - Unknown Card (S-tier, score 100) — queued 2026-03-03T07:17:48.934Z
  - Unknown Card (S-tier, score 93) — queued 2026-03-03T07:17:49.904Z
  - Unknown Card (A-tier, score 92) — queued 2026-03-03T07:17:50.897Z
  - Unknown Card (A-tier, score 92) — queued 2026-03-03T07:17:51.856Z
  - Unknown Card (A-tier, score 100) — queued 2026-03-03T07:17:52.839Z
  - Unknown Card (A-tier, score 92) — queued 2026-03-03T07:17:53.821Z
  - Unknown Card (A-tier, score 92) — queued 2026-03-03T07:17:54.936Z
  - Unknown Card (A-tier, score 85) — queued 2026-03-03T07:17:55.919Z
  - Unknown Card (A-tier, score 80) — queued 2026-03-03T07:17:56.870Z
[dispatcher] 🚀 Free Tier Dispatcher starting — 19.3.2026, 13:00:00
[dispatcher] 📊 Queue: 0 pending | 13 due | 0 sent | 13 total queued
[dispatcher] 📤 13 alert(s) ready to dispatch
[dispatcher] ⚠️  TELEGRAM_CHANNEL_FREE not set. Set the env var to enable free channel posting.
[dispatcher] 📋 Would have sent: 13 alerts
  - Unknown Card (S-tier, score 85) — queued 2026-03-03T07:17:44.770Z
  - Unknown Card (S-tier, score 85) — queued 2026-03-03T07:17:45.751Z
  - Unknown Card (S-tier, score 100) — queued 2026-03-03T07:17:46.696Z
  - Unknown Card (S-tier, score 100) — queued 2026-03-03T07:17:47.933Z
  - Unknown Card (S-tier, score 100) — queued 2026-03-03T07:17:48.934Z
  - Unknown Card (S-tier, score 93) — queued 2026-03-03T07:17:49.904Z
  - Unknown Card (A-tier, score 92) — queued 2026-03-03T07:17:50.897Z
  - Unknown Card (A-tier, score 92) — queued 2026-03-03T07:17:51.856Z
  - Unknown Card (A-tier, score 100) — queued 2026-03-03T07:17:52.839Z
  - Unknown Card (A-tier, score 92) — queued 2026-03-03T07:17:53.821Z
  - Unknown Card (A-tier, score 92) — queued 2026-03-03T07:17:54.936Z
  - Unknown Card (A-tier, score 85) — queued 2026-03-03T07:17:55.919Z
  - Unknown Card (A-tier, score 80) — queued 2026-03-03T07:17:56.870Z
[dispatcher] 🚀 Free Tier Dispatcher starting — 20.3.2026, 08:00:00
[dispatcher] 📊 Queue: 0 pending | 13 due | 0 sent | 13 total queued
[dispatcher] 📤 13 alert(s) ready to dispatch
[dispatcher] ⚠️  TELEGRAM_CHANNEL_FREE not set. Set the env var to enable free channel posting.
[dispatcher] 📋 Would have sent: 13 alerts
  - Unknown Card (S-tier, score 85) — queued 2026-03-03T07:17:44.770Z
  - Unknown Card (S-tier, score 85) — queued 2026-03-03T07:17:45.751Z
  - Unknown Card (S-tier, score 100) — queued 2026-03-03T07:17:46.696Z
  - Unknown Card (S-tier, score 100) — queued 2026-03-03T07:17:47.933Z
  - Unknown Card (S-tier, score 100) — queued 2026-03-03T07:17:48.934Z
  - Unknown Card (S-tier, score 93) — queued 2026-03-03T07:17:49.904Z
  - Unknown Card (A-tier, score 92) — queued 2026-03-03T07:17:50.897Z
  - Unknown Card (A-tier, score 92) — queued 2026-03-03T07:17:51.856Z
  - Unknown Card (A-tier, score 100) — queued 2026-03-03T07:17:52.839Z
  - Unknown Card (A-tier, score 92) — queued 2026-03-03T07:17:53.821Z
  - Unknown Card (A-tier, score 92) — queued 2026-03-03T07:17:54.936Z
  - Unknown Card (A-tier, score 85) — queued 2026-03-03T07:17:55.919Z
  - Unknown Card (A-tier, score 80) — queued 2026-03-03T07:17:56.870Z
[dispatcher] 🚀 Free Tier Dispatcher starting — 20.3.2026, 09:00:00
[dispatcher] 📊 Queue: 0 pending | 13 due | 0 sent | 13 total queued
[dispatcher] 📤 13 alert(s) ready to dispatch
[dispatcher] ⚠️  TELEGRAM_CHANNEL_FREE not set. Set the env var to enable free channel posting.
[dispatcher] 📋 Would have sent: 13 alerts
  - Unknown Card (S-tier, score 85) — queued 2026-03-03T07:17:44.770Z
  - Unknown Card (S-tier, score 85) — queued 2026-03-03T07:17:45.751Z
  - Unknown Card (S-tier, score 100) — queued 2026-03-03T07:17:46.696Z
  - Unknown Card (S-tier, score 100) — queued 2026-03-03T07:17:47.933Z
  - Unknown Card (S-tier, score 100) — queued 2026-03-03T07:17:48.934Z
  - Unknown Card (S-tier, score 93) — queued 2026-03-03T07:17:49.904Z
  - Unknown Card (A-tier, score 92) — queued 2026-03-03T07:17:50.897Z
  - Unknown Card (A-tier, score 92) — queued 2026-03-03T07:17:51.856Z
  - Unknown Card (A-tier, score 100) — queued 2026-03-03T07:17:52.839Z
  - Unknown Card (A-tier, score 92) — queued 2026-03-03T07:17:53.821Z
  - Unknown Card (A-tier, score 92) — queued 2026-03-03T07:17:54.936Z
  - Unknown Card (A-tier, score 85) — queued 2026-03-03T07:17:55.919Z
  - Unknown Card (A-tier, score 80) — queued 2026-03-03T07:17:56.870Z
[dispatcher] 🚀 Free Tier Dispatcher starting — 21.3.2026, 09:00:00
[dispatcher] 📊 Queue: 0 pending | 13 due | 0 sent | 13 total queued
[dispatcher] 📤 13 alert(s) ready to dispatch
[dispatcher] ⚠️  TELEGRAM_CHANNEL_FREE not set. Set the env var to enable free channel posting.
[dispatcher] 📋 Would have sent: 13 alerts
  - Unknown Card (S-tier, score 85) — queued 2026-03-03T07:17:44.770Z
  - Unknown Card (S-tier, score 85) — queued 2026-03-03T07:17:45.751Z
  - Unknown Card (S-tier, score 100) — queued 2026-03-03T07:17:46.696Z
  - Unknown Card (S-tier, score 100) — queued 2026-03-03T07:17:47.933Z
  - Unknown Card (S-tier, score 100) — queued 2026-03-03T07:17:48.934Z
  - Unknown Card (S-tier, score 93) — queued 2026-03-03T07:17:49.904Z
  - Unknown Card (A-tier, score 92) — queued 2026-03-03T07:17:50.897Z
  - Unknown Card (A-tier, score 92) — queued 2026-03-03T07:17:51.856Z
  - Unknown Card (A-tier, score 100) — queued 2026-03-03T07:17:52.839Z
  - Unknown Card (A-tier, score 92) — queued 2026-03-03T07:17:53.821Z
  - Unknown Card (A-tier, score 92) — queued 2026-03-03T07:17:54.936Z
  - Unknown Card (A-tier, score 85) — queued 2026-03-03T07:17:55.919Z
  - Unknown Card (A-tier, score 80) — queued 2026-03-03T07:17:56.870Z
[dispatcher] 🚀 Free Tier Dispatcher starting — 21.3.2026, 09:00:00
[dispatcher] 📊 Queue: 0 pending | 13 due | 0 sent | 13 total queued
[dispatcher] 📤 13 alert(s) ready to dispatch
[dispatcher] ⚠️  TELEGRAM_CHANNEL_FREE not set. Set the env var to enable free channel posting.
[dispatcher] 📋 Would have sent: 13 alerts
  - Unknown Card (S-tier, score 85) — queued 2026-03-03T07:17:44.770Z
  - Unknown Card (S-tier, score 85) — queued 2026-03-03T07:17:45.751Z
  - Unknown Card (S-tier, score 100) — queued 2026-03-03T07:17:46.696Z
  - Unknown Card (S-tier, score 100) — queued 2026-03-03T07:17:47.933Z
  - Unknown Card (S-tier, score 100) — queued 2026-03-03T07:17:48.934Z
  - Unknown Card (S-tier, score 93) — queued 2026-03-03T07:17:49.904Z
  - Unknown Card (A-tier, score 92) — queued 2026-03-03T07:17:50.897Z
  - Unknown Card (A-tier, score 92) — queued 2026-03-03T07:17:51.856Z
  - Unknown Card (A-tier, score 100) — queued 2026-03-03T07:17:52.839Z
  - Unknown Card (A-tier, score 92) — queued 2026-03-03T07:17:53.821Z
  - Unknown Card (A-tier, score 92) — queued 2026-03-03T07:17:54.936Z
  - Unknown Card (A-tier, score 85) — queued 2026-03-03T07:17:55.919Z
  - Unknown Card (A-tier, score 80) — queued 2026-03-03T07:17:56.870Z
[dispatcher] 🚀 Free Tier Dispatcher starting — 22.3.2026, 08:00:00
[dispatcher] 📊 Queue: 0 pending | 13 due | 0 sent | 13 total queued
[dispatcher] 📤 13 alert(s) ready to dispatch
[dispatcher] ⚠️  TELEGRAM_CHANNEL_FREE not set. Set the env var to enable free channel posting.
[dispatcher] 📋 Would have sent: 13 alerts
  - Unknown Card (S-tier, score 85) — queued 2026-03-03T07:17:44.770Z
  - Unknown Card (S-tier, score 85) — queued 2026-03-03T07:17:45.751Z
  - Unknown Card (S-tier, score 100) — queued 2026-03-03T07:17:46.696Z
  - Unknown Card (S-tier, score 100) — queued 2026-03-03T07:17:47.933Z
  - Unknown Card (S-tier, score 100) — queued 2026-03-03T07:17:48.934Z
  - Unknown Card (S-tier, score 93) — queued 2026-03-03T07:17:49.904Z
  - Unknown Card (A-tier, score 92) — queued 2026-03-03T07:17:50.897Z
  - Unknown Card (A-tier, score 92) — queued 2026-03-03T07:17:51.856Z
  - Unknown Card (A-tier, score 100) — queued 2026-03-03T07:17:52.839Z
  - Unknown Card (A-tier, score 92) — queued 2026-03-03T07:17:53.821Z
  - Unknown Card (A-tier, score 92) — queued 2026-03-03T07:17:54.936Z
  - Unknown Card (A-tier, score 85) — queued 2026-03-03T07:17:55.919Z
  - Unknown Card (A-tier, score 80) — queued 2026-03-03T07:17:56.870Z
[dispatcher] 🚀 Free Tier Dispatcher starting — 22.3.2026, 09:00:00
[dispatcher] 📊 Queue: 0 pending | 13 due | 0 sent | 13 total queued
[dispatcher] 📤 13 alert(s) ready to dispatch
[dispatcher] ⚠️  TELEGRAM_CHANNEL_FREE not set. Set the env var to enable free channel posting.
[dispatcher] 📋 Would have sent: 13 alerts
  - Unknown Card (S-tier, score 85) — queued 2026-03-03T07:17:44.770Z
  - Unknown Card (S-tier, score 85) — queued 2026-03-03T07:17:45.751Z
  - Unknown Card (S-tier, score 100) — queued 2026-03-03T07:17:46.696Z
  - Unknown Card (S-tier, score 100) — queued 2026-03-03T07:17:47.933Z
  - Unknown Card (S-tier, score 100) — queued 2026-03-03T07:17:48.934Z
  - Unknown Card (S-tier, score 93) — queued 2026-03-03T07:17:49.904Z
  - Unknown Card (A-tier, score 92) — queued 2026-03-03T07:17:50.897Z
  - Unknown Card (A-tier, score 92) — queued 2026-03-03T07:17:51.856Z
  - Unknown Card (A-tier, score 100) — queued 2026-03-03T07:17:52.839Z
  - Unknown Card (A-tier, score 92) — queued 2026-03-03T07:17:53.821Z
  - Unknown Card (A-tier, score 92) — queued 2026-03-03T07:17:54.936Z
  - Unknown Card (A-tier, score 85) — queued 2026-03-03T07:17:55.919Z
  - Unknown Card (A-tier, score 80) — queued 2026-03-03T07:17:56.870Z
[dispatcher] 🚀 Free Tier Dispatcher starting — 22.3.2026, 10:00:00
[dispatcher] 📊 Queue: 0 pending | 13 due | 0 sent | 13 total queued
[dispatcher] 📤 13 alert(s) ready to dispatch
[dispatcher] ⚠️  TELEGRAM_CHANNEL_FREE not set. Set the env var to enable free channel posting.
[dispatcher] 📋 Would have sent: 13 alerts
  - Unknown Card (S-tier, score 85) — queued 2026-03-03T07:17:44.770Z
  - Unknown Card (S-tier, score 85) — queued 2026-03-03T07:17:45.751Z
  - Unknown Card (S-tier, score 100) — queued 2026-03-03T07:17:46.696Z
  - Unknown Card (S-tier, score 100) — queued 2026-03-03T07:17:47.933Z
  - Unknown Card (S-tier, score 100) — queued 2026-03-03T07:17:48.934Z
  - Unknown Card (S-tier, score 93) — queued 2026-03-03T07:17:49.904Z
  - Unknown Card (A-tier, score 92) — queued 2026-03-03T07:17:50.897Z
  - Unknown Card (A-tier, score 92) — queued 2026-03-03T07:17:51.856Z
  - Unknown Card (A-tier, score 100) — queued 2026-03-03T07:17:52.839Z
  - Unknown Card (A-tier, score 92) — queued 2026-03-03T07:17:53.821Z
  - Unknown Card (A-tier, score 92) — queued 2026-03-03T07:17:54.936Z
  - Unknown Card (A-tier, score 85) — queued 2026-03-03T07:17:55.919Z
  - Unknown Card (A-tier, score 80) — queued 2026-03-03T07:17:56.870Z
[dispatcher] 🚀 Free Tier Dispatcher starting — 22.3.2026, 11:00:00
[dispatcher] 📊 Queue: 0 pending | 13 due | 0 sent | 13 total queued
[dispatcher] 📤 13 alert(s) ready to dispatch
[dispatcher] ⚠️  TELEGRAM_CHANNEL_FREE not set. Set the env var to enable free channel posting.
[dispatcher] 📋 Would have sent: 13 alerts
  - Unknown Card (S-tier, score 85) — queued 2026-03-03T07:17:44.770Z
  - Unknown Card (S-tier, score 85) — queued 2026-03-03T07:17:45.751Z
  - Unknown Card (S-tier, score 100) — queued 2026-03-03T07:17:46.696Z
  - Unknown Card (S-tier, score 100) — queued 2026-03-03T07:17:47.933Z
  - Unknown Card (S-tier, score 100) — queued 2026-03-03T07:17:48.934Z
  - Unknown Card (S-tier, score 93) — queued 2026-03-03T07:17:49.904Z
  - Unknown Card (A-tier, score 92) — queued 2026-03-03T07:17:50.897Z
  - Unknown Card (A-tier, score 92) — queued 2026-03-03T07:17:51.856Z
  - Unknown Card (A-tier, score 100) — queued 2026-03-03T07:17:52.839Z
  - Unknown Card (A-tier, score 92) — queued 2026-03-03T07:17:53.821Z
  - Unknown Card (A-tier, score 92) — queued 2026-03-03T07:17:54.936Z
  - Unknown Card (A-tier, score 85) — queued 2026-03-03T07:17:55.919Z
  - Unknown Card (A-tier, score 80) — queued 2026-03-03T07:17:56.870Z
[dispatcher] 🚀 Free Tier Dispatcher starting — 22.3.2026, 18:00:01
[dispatcher] 📊 Queue: 0 pending | 13 due | 0 sent | 13 total queued
[dispatcher] 📤 13 alert(s) ready to dispatch
[dispatcher] ⚠️  TELEGRAM_CHANNEL_FREE not set. Set the env var to enable free channel posting.
[dispatcher] 📋 Would have sent: 13 alerts
  - Unknown Card (S-tier, score 85) — queued 2026-03-03T07:17:44.770Z
  - Unknown Card (S-tier, score 85) — queued 2026-03-03T07:17:45.751Z
  - Unknown Card (S-tier, score 100) — queued 2026-03-03T07:17:46.696Z
  - Unknown Card (S-tier, score 100) — queued 2026-03-03T07:17:47.933Z
  - Unknown Card (S-tier, score 100) — queued 2026-03-03T07:17:48.934Z
  - Unknown Card (S-tier, score 93) — queued 2026-03-03T07:17:49.904Z
  - Unknown Card (A-tier, score 92) — queued 2026-03-03T07:17:50.897Z
  - Unknown Card (A-tier, score 92) — queued 2026-03-03T07:17:51.856Z
  - Unknown Card (A-tier, score 100) — queued 2026-03-03T07:17:52.839Z
  - Unknown Card (A-tier, score 92) — queued 2026-03-03T07:17:53.821Z
  - Unknown Card (A-tier, score 92) — queued 2026-03-03T07:17:54.936Z
  - Unknown Card (A-tier, score 85) — queued 2026-03-03T07:17:55.919Z
  - Unknown Card (A-tier, score 80) — queued 2026-03-03T07:17:56.870Z
[dispatcher] 🚀 Free Tier Dispatcher starting — 22.3.2026, 19:00:01
[dispatcher] 📊 Queue: 0 pending | 13 due | 0 sent | 13 total queued
[dispatcher] 📤 13 alert(s) ready to dispatch
[dispatcher] ⚠️  TELEGRAM_CHANNEL_FREE not set. Set the env var to enable free channel posting.
[dispatcher] 📋 Would have sent: 13 alerts
  - Unknown Card (S-tier, score 85) — queued 2026-03-03T07:17:44.770Z
  - Unknown Card (S-tier, score 85) — queued 2026-03-03T07:17:45.751Z
  - Unknown Card (S-tier, score 100) — queued 2026-03-03T07:17:46.696Z
  - Unknown Card (S-tier, score 100) — queued 2026-03-03T07:17:47.933Z
  - Unknown Card (S-tier, score 100) — queued 2026-03-03T07:17:48.934Z
  - Unknown Card (S-tier, score 93) — queued 2026-03-03T07:17:49.904Z
  - Unknown Card (A-tier, score 92) — queued 2026-03-03T07:17:50.897Z
  - Unknown Card (A-tier, score 92) — queued 2026-03-03T07:17:51.856Z
  - Unknown Card (A-tier, score 100) — queued 2026-03-03T07:17:52.839Z
  - Unknown Card (A-tier, score 92) — queued 2026-03-03T07:17:53.821Z
  - Unknown Card (A-tier, score 92) — queued 2026-03-03T07:17:54.936Z
  - Unknown Card (A-tier, score 85) — queued 2026-03-03T07:17:55.919Z
  - Unknown Card (A-tier, score 80) — queued 2026-03-03T07:17:56.870Z
[dispatcher] 🚀 Free Tier Dispatcher starting — 22.3.2026, 20:00:01
[dispatcher] 📊 Queue: 0 pending | 13 due | 0 sent | 13 total queued
[dispatcher] 📤 13 alert(s) ready to dispatch
[dispatcher] ⚠️  TELEGRAM_CHANNEL_FREE not set. Set the env var to enable free channel posting.
[dispatcher] 📋 Would have sent: 13 alerts
  - Unknown Card (S-tier, score 85) — queued 2026-03-03T07:17:44.770Z
  - Unknown Card (S-tier, score 85) — queued 2026-03-03T07:17:45.751Z
  - Unknown Card (S-tier, score 100) — queued 2026-03-03T07:17:46.696Z
  - Unknown Card (S-tier, score 100) — queued 2026-03-03T07:17:47.933Z
  - Unknown Card (S-tier, score 100) — queued 2026-03-03T07:17:48.934Z
  - Unknown Card (S-tier, score 93) — queued 2026-03-03T07:17:49.904Z
  - Unknown Card (A-tier, score 92) — queued 2026-03-03T07:17:50.897Z
  - Unknown Card (A-tier, score 92) — queued 2026-03-03T07:17:51.856Z
  - Unknown Card (A-tier, score 100) — queued 2026-03-03T07:17:52.839Z
  - Unknown Card (A-tier, score 92) — queued 2026-03-03T07:17:53.821Z
  - Unknown Card (A-tier, score 92) — queued 2026-03-03T07:17:54.936Z
  - Unknown Card (A-tier, score 85) — queued 2026-03-03T07:17:55.919Z
  - Unknown Card (A-tier, score 80) — queued 2026-03-03T07:17:56.870Z
[dispatcher] 🚀 Free Tier Dispatcher starting — 22.3.2026, 21:00:00
[dispatcher] 📊 Queue: 0 pending | 13 due | 0 sent | 13 total queued
[dispatcher] 📤 13 alert(s) ready to dispatch
[dispatcher] ⚠️  TELEGRAM_CHANNEL_FREE not set. Set the env var to enable free channel posting.
[dispatcher] 📋 Would have sent: 13 alerts
  - Unknown Card (S-tier, score 85) — queued 2026-03-03T07:17:44.770Z
  - Unknown Card (S-tier, score 85) — queued 2026-03-03T07:17:45.751Z
  - Unknown Card (S-tier, score 100) — queued 2026-03-03T07:17:46.696Z
  - Unknown Card (S-tier, score 100) — queued 2026-03-03T07:17:47.933Z
  - Unknown Card (S-tier, score 100) — queued 2026-03-03T07:17:48.934Z
  - Unknown Card (S-tier, score 93) — queued 2026-03-03T07:17:49.904Z
  - Unknown Card (A-tier, score 92) — queued 2026-03-03T07:17:50.897Z
  - Unknown Card (A-tier, score 92) — queued 2026-03-03T07:17:51.856Z
  - Unknown Card (A-tier, score 100) — queued 2026-03-03T07:17:52.839Z
  - Unknown Card (A-tier, score 92) — queued 2026-03-03T07:17:53.821Z
  - Unknown Card (A-tier, score 92) — queued 2026-03-03T07:17:54.936Z
  - Unknown Card (A-tier, score 85) — queued 2026-03-03T07:17:55.919Z
  - Unknown Card (A-tier, score 80) — queued 2026-03-03T07:17:56.870Z
[dispatcher] 🚀 Free Tier Dispatcher starting — 22.3.2026, 22:00:01
[dispatcher] 📊 Queue: 0 pending | 13 due | 0 sent | 13 total queued
[dispatcher] 📤 13 alert(s) ready to dispatch
[dispatcher] ⚠️  TELEGRAM_CHANNEL_FREE not set. Set the env var to enable free channel posting.
[dispatcher] 📋 Would have sent: 13 alerts
  - Unknown Card (S-tier, score 85) — queued 2026-03-03T07:17:44.770Z
  - Unknown Card (S-tier, score 85) — queued 2026-03-03T07:17:45.751Z
  - Unknown Card (S-tier, score 100) — queued 2026-03-03T07:17:46.696Z
  - Unknown Card (S-tier, score 100) — queued 2026-03-03T07:17:47.933Z
  - Unknown Card (S-tier, score 100) — queued 2026-03-03T07:17:48.934Z
  - Unknown Card (S-tier, score 93) — queued 2026-03-03T07:17:49.904Z
  - Unknown Card (A-tier, score 92) — queued 2026-03-03T07:17:50.897Z
  - Unknown Card (A-tier, score 92) — queued 2026-03-03T07:17:51.856Z
  - Unknown Card (A-tier, score 100) — queued 2026-03-03T07:17:52.839Z
  - Unknown Card (A-tier, score 92) — queued 2026-03-03T07:17:53.821Z
  - Unknown Card (A-tier, score 92) — queued 2026-03-03T07:17:54.936Z
  - Unknown Card (A-tier, score 85) — queued 2026-03-03T07:17:55.919Z
  - Unknown Card (A-tier, score 80) — queued 2026-03-03T07:17:56.870Z
[dispatcher] 🚀 Free Tier Dispatcher starting — 22.3.2026, 23:00:00
[dispatcher] 📊 Queue: 0 pending | 13 due | 0 sent | 13 total queued
[dispatcher] 📤 13 alert(s) ready to dispatch
[dispatcher] ⚠️  TELEGRAM_CHANNEL_FREE not set. Set the env var to enable free channel posting.
[dispatcher] 📋 Would have sent: 13 alerts
  - Unknown Card (S-tier, score 85) — queued 2026-03-03T07:17:44.770Z
  - Unknown Card (S-tier, score 85) — queued 2026-03-03T07:17:45.751Z
  - Unknown Card (S-tier, score 100) — queued 2026-03-03T07:17:46.696Z
  - Unknown Card (S-tier, score 100) — queued 2026-03-03T07:17:47.933Z
  - Unknown Card (S-tier, score 100) — queued 2026-03-03T07:17:48.934Z
  - Unknown Card (S-tier, score 93) — queued 2026-03-03T07:17:49.904Z
  - Unknown Card (A-tier, score 92) — queued 2026-03-03T07:17:50.897Z
  - Unknown Card (A-tier, score 92) — queued 2026-03-03T07:17:51.856Z
  - Unknown Card (A-tier, score 100) — queued 2026-03-03T07:17:52.839Z
  - Unknown Card (A-tier, score 92) — queued 2026-03-03T07:17:53.821Z
  - Unknown Card (A-tier, score 92) — queued 2026-03-03T07:17:54.936Z
  - Unknown Card (A-tier, score 85) — queued 2026-03-03T07:17:55.919Z
  - Unknown Card (A-tier, score 80) — queued 2026-03-03T07:17:56.870Z
[dispatcher] 🚀 Free Tier Dispatcher starting — 23.3.2026, 00:00:00
[dispatcher] 📊 Queue: 0 pending | 13 due | 0 sent | 13 total queued
[dispatcher] 📤 13 alert(s) ready to dispatch
[dispatcher] ⚠️  TELEGRAM_CHANNEL_FREE not set. Set the env var to enable free channel posting.
[dispatcher] 📋 Would have sent: 13 alerts
  - Unknown Card (S-tier, score 85) — queued 2026-03-03T07:17:44.770Z
  - Unknown Card (S-tier, score 85) — queued 2026-03-03T07:17:45.751Z
  - Unknown Card (S-tier, score 100) — queued 2026-03-03T07:17:46.696Z
  - Unknown Card (S-tier, score 100) — queued 2026-03-03T07:17:47.933Z
  - Unknown Card (S-tier, score 100) — queued 2026-03-03T07:17:48.934Z
  - Unknown Card (S-tier, score 93) — queued 2026-03-03T07:17:49.904Z
  - Unknown Card (A-tier, score 92) — queued 2026-03-03T07:17:50.897Z
  - Unknown Card (A-tier, score 92) — queued 2026-03-03T07:17:51.856Z
  - Unknown Card (A-tier, score 100) — queued 2026-03-03T07:17:52.839Z
  - Unknown Card (A-tier, score 92) — queued 2026-03-03T07:17:53.821Z
  - Unknown Card (A-tier, score 92) — queued 2026-03-03T07:17:54.936Z
  - Unknown Card (A-tier, score 85) — queued 2026-03-03T07:17:55.919Z
  - Unknown Card (A-tier, score 80) — queued 2026-03-03T07:17:56.870Z
[dispatcher] 🚀 Free Tier Dispatcher starting — 23.3.2026, 01:00:00
[dispatcher] 📊 Queue: 0 pending | 13 due | 0 sent | 13 total queued
[dispatcher] 📤 13 alert(s) ready to dispatch
[dispatcher] ⚠️  TELEGRAM_CHANNEL_FREE not set. Set the env var to enable free channel posting.
[dispatcher] 📋 Would have sent: 13 alerts
  - Unknown Card (S-tier, score 85) — queued 2026-03-03T07:17:44.770Z
  - Unknown Card (S-tier, score 85) — queued 2026-03-03T07:17:45.751Z
  - Unknown Card (S-tier, score 100) — queued 2026-03-03T07:17:46.696Z
  - Unknown Card (S-tier, score 100) — queued 2026-03-03T07:17:47.933Z
  - Unknown Card (S-tier, score 100) — queued 2026-03-03T07:17:48.934Z
  - Unknown Card (S-tier, score 93) — queued 2026-03-03T07:17:49.904Z
  - Unknown Card (A-tier, score 92) — queued 2026-03-03T07:17:50.897Z
  - Unknown Card (A-tier, score 92) — queued 2026-03-03T07:17:51.856Z
  - Unknown Card (A-tier, score 100) — queued 2026-03-03T07:17:52.839Z
  - Unknown Card (A-tier, score 92) — queued 2026-03-03T07:17:53.821Z
  - Unknown Card (A-tier, score 92) — queued 2026-03-03T07:17:54.936Z
  - Unknown Card (A-tier, score 85) — queued 2026-03-03T07:17:55.919Z
  - Unknown Card (A-tier, score 80) — queued 2026-03-03T07:17:56.870Z
[dispatcher] 🚀 Free Tier Dispatcher starting — 23.3.2026, 04:00:00
[dispatcher] 📊 Queue: 0 pending | 13 due | 0 sent | 13 total queued
[dispatcher] 📤 13 alert(s) ready to dispatch
[dispatcher] ⚠️  TELEGRAM_CHANNEL_FREE not set. Set the env var to enable free channel posting.
[dispatcher] 📋 Would have sent: 13 alerts
  - Unknown Card (S-tier, score 85) — queued 2026-03-03T07:17:44.770Z
  - Unknown Card (S-tier, score 85) — queued 2026-03-03T07:17:45.751Z
  - Unknown Card (S-tier, score 100) — queued 2026-03-03T07:17:46.696Z
  - Unknown Card (S-tier, score 100) — queued 2026-03-03T07:17:47.933Z
  - Unknown Card (S-tier, score 100) — queued 2026-03-03T07:17:48.934Z
  - Unknown Card (S-tier, score 93) — queued 2026-03-03T07:17:49.904Z
  - Unknown Card (A-tier, score 92) — queued 2026-03-03T07:17:50.897Z
  - Unknown Card (A-tier, score 92) — queued 2026-03-03T07:17:51.856Z
  - Unknown Card (A-tier, score 100) — queued 2026-03-03T07:17:52.839Z
  - Unknown Card (A-tier, score 92) — queued 2026-03-03T07:17:53.821Z
  - Unknown Card (A-tier, score 92) — queued 2026-03-03T07:17:54.936Z
  - Unknown Card (A-tier, score 85) — queued 2026-03-03T07:17:55.919Z
  - Unknown Card (A-tier, score 80) — queued 2026-03-03T07:17:56.870Z
[dispatcher] 🚀 Free Tier Dispatcher starting — 23.3.2026, 05:00:00
[dispatcher] 📊 Queue: 0 pending | 13 due | 0 sent | 13 total queued
[dispatcher] 📤 13 alert(s) ready to dispatch
[dispatcher] ⚠️  TELEGRAM_CHANNEL_FREE not set. Set the env var to enable free channel posting.
[dispatcher] 📋 Would have sent: 13 alerts
  - Unknown Card (S-tier, score 85) — queued 2026-03-03T07:17:44.770Z
  - Unknown Card (S-tier, score 85) — queued 2026-03-03T07:17:45.751Z
  - Unknown Card (S-tier, score 100) — queued 2026-03-03T07:17:46.696Z
  - Unknown Card (S-tier, score 100) — queued 2026-03-03T07:17:47.933Z
  - Unknown Card (S-tier, score 100) — queued 2026-03-03T07:17:48.934Z
  - Unknown Card (S-tier, score 93) — queued 2026-03-03T07:17:49.904Z
  - Unknown Card (A-tier, score 92) — queued 2026-03-03T07:17:50.897Z
  - Unknown Card (A-tier, score 92) — queued 2026-03-03T07:17:51.856Z
  - Unknown Card (A-tier, score 100) — queued 2026-03-03T07:17:52.839Z
  - Unknown Card (A-tier, score 92) — queued 2026-03-03T07:17:53.821Z
  - Unknown Card (A-tier, score 92) — queued 2026-03-03T07:17:54.936Z
  - Unknown Card (A-tier, score 85) — queued 2026-03-03T07:17:55.919Z
  - Unknown Card (A-tier, score 80) — queued 2026-03-03T07:17:56.870Z
[dispatcher] 🚀 Free Tier Dispatcher starting — 23.3.2026, 07:00:01
[dispatcher] 📊 Queue: 0 pending | 13 due | 0 sent | 13 total queued
[dispatcher] 📤 13 alert(s) ready to dispatch
[dispatcher] ⚠️  TELEGRAM_CHANNEL_FREE not set. Set the env var to enable free channel posting.
[dispatcher] 📋 Would have sent: 13 alerts
  - Unknown Card (S-tier, score 85) — queued 2026-03-03T07:17:44.770Z
  - Unknown Card (S-tier, score 85) — queued 2026-03-03T07:17:45.751Z
  - Unknown Card (S-tier, score 100) — queued 2026-03-03T07:17:46.696Z
  - Unknown Card (S-tier, score 100) — queued 2026-03-03T07:17:47.933Z
  - Unknown Card (S-tier, score 100) — queued 2026-03-03T07:17:48.934Z
  - Unknown Card (S-tier, score 93) — queued 2026-03-03T07:17:49.904Z
  - Unknown Card (A-tier, score 92) — queued 2026-03-03T07:17:50.897Z
  - Unknown Card (A-tier, score 92) — queued 2026-03-03T07:17:51.856Z
  - Unknown Card (A-tier, score 100) — queued 2026-03-03T07:17:52.839Z
  - Unknown Card (A-tier, score 92) — queued 2026-03-03T07:17:53.821Z
  - Unknown Card (A-tier, score 92) — queued 2026-03-03T07:17:54.936Z
  - Unknown Card (A-tier, score 85) — queued 2026-03-03T07:17:55.919Z
  - Unknown Card (A-tier, score 80) — queued 2026-03-03T07:17:56.870Z
[dispatcher] 🚀 Free Tier Dispatcher starting — 23.3.2026, 08:00:00
[dispatcher] 📊 Queue: 0 pending | 13 due | 0 sent | 13 total queued
[dispatcher] 📤 13 alert(s) ready to dispatch
[dispatcher] ⚠️  TELEGRAM_CHANNEL_FREE not set. Set the env var to enable free channel posting.
[dispatcher] 📋 Would have sent: 13 alerts
  - Unknown Card (S-tier, score 85) — queued 2026-03-03T07:17:44.770Z
  - Unknown Card (S-tier, score 85) — queued 2026-03-03T07:17:45.751Z
  - Unknown Card (S-tier, score 100) — queued 2026-03-03T07:17:46.696Z
  - Unknown Card (S-tier, score 100) — queued 2026-03-03T07:17:47.933Z
  - Unknown Card (S-tier, score 100) — queued 2026-03-03T07:17:48.934Z
  - Unknown Card (S-tier, score 93) — queued 2026-03-03T07:17:49.904Z
  - Unknown Card (A-tier, score 92) — queued 2026-03-03T07:17:50.897Z
  - Unknown Card (A-tier, score 92) — queued 2026-03-03T07:17:51.856Z
  - Unknown Card (A-tier, score 100) — queued 2026-03-03T07:17:52.839Z
  - Unknown Card (A-tier, score 92) — queued 2026-03-03T07:17:53.821Z
  - Unknown Card (A-tier, score 92) — queued 2026-03-03T07:17:54.936Z
  - Unknown Card (A-tier, score 85) — queued 2026-03-03T07:17:55.919Z
  - Unknown Card (A-tier, score 80) — queued 2026-03-03T07:17:56.870Z
[dispatcher] 🚀 Free Tier Dispatcher starting — 23.3.2026, 11:00:00
[dispatcher] 📊 Queue: 0 pending | 13 due | 0 sent | 13 total queued
[dispatcher] 📤 13 alert(s) ready to dispatch
[dispatcher] ⚠️  TELEGRAM_CHANNEL_FREE not set. Set the env var to enable free channel posting.
[dispatcher] 📋 Would have sent: 13 alerts
  - Unknown Card (S-tier, score 85) — queued 2026-03-03T07:17:44.770Z
  - Unknown Card (S-tier, score 85) — queued 2026-03-03T07:17:45.751Z
  - Unknown Card (S-tier, score 100) — queued 2026-03-03T07:17:46.696Z
  - Unknown Card (S-tier, score 100) — queued 2026-03-03T07:17:47.933Z
  - Unknown Card (S-tier, score 100) — queued 2026-03-03T07:17:48.934Z
  - Unknown Card (S-tier, score 93) — queued 2026-03-03T07:17:49.904Z
  - Unknown Card (A-tier, score 92) — queued 2026-03-03T07:17:50.897Z
  - Unknown Card (A-tier, score 92) — queued 2026-03-03T07:17:51.856Z
  - Unknown Card (A-tier, score 100) — queued 2026-03-03T07:17:52.839Z
  - Unknown Card (A-tier, score 92) — queued 2026-03-03T07:17:53.821Z
  - Unknown Card (A-tier, score 92) — queued 2026-03-03T07:17:54.936Z
  - Unknown Card (A-tier, score 85) — queued 2026-03-03T07:17:55.919Z
  - Unknown Card (A-tier, score 80) — queued 2026-03-03T07:17:56.870Z
[dispatcher] 🚀 Free Tier Dispatcher starting — 23.3.2026, 12:00:00
[dispatcher] 📊 Queue: 0 pending | 13 due | 0 sent | 13 total queued
[dispatcher] 📤 13 alert(s) ready to dispatch
[dispatcher] ⚠️  TELEGRAM_CHANNEL_FREE not set. Set the env var to enable free channel posting.
[dispatcher] 📋 Would have sent: 13 alerts
  - Unknown Card (S-tier, score 85) — queued 2026-03-03T07:17:44.770Z
  - Unknown Card (S-tier, score 85) — queued 2026-03-03T07:17:45.751Z
  - Unknown Card (S-tier, score 100) — queued 2026-03-03T07:17:46.696Z
  - Unknown Card (S-tier, score 100) — queued 2026-03-03T07:17:47.933Z
  - Unknown Card (S-tier, score 100) — queued 2026-03-03T07:17:48.934Z
  - Unknown Card (S-tier, score 93) — queued 2026-03-03T07:17:49.904Z
  - Unknown Card (A-tier, score 92) — queued 2026-03-03T07:17:50.897Z
  - Unknown Card (A-tier, score 92) — queued 2026-03-03T07:17:51.856Z
  - Unknown Card (A-tier, score 100) — queued 2026-03-03T07:17:52.839Z
  - Unknown Card (A-tier, score 92) — queued 2026-03-03T07:17:53.821Z
  - Unknown Card (A-tier, score 92) — queued 2026-03-03T07:17:54.936Z
  - Unknown Card (A-tier, score 85) — queued 2026-03-03T07:17:55.919Z
  - Unknown Card (A-tier, score 80) — queued 2026-03-03T07:17:56.870Z
[dispatcher] 🚀 Free Tier Dispatcher starting — 23.3.2026, 13:00:00
[dispatcher] 📊 Queue: 0 pending | 13 due | 0 sent | 13 total queued
[dispatcher] 📤 13 alert(s) ready to dispatch
[dispatcher] ⚠️  TELEGRAM_CHANNEL_FREE not set. Set the env var to enable free channel posting.
[dispatcher] 📋 Would have sent: 13 alerts
  - Unknown Card (S-tier, score 85) — queued 2026-03-03T07:17:44.770Z
  - Unknown Card (S-tier, score 85) — queued 2026-03-03T07:17:45.751Z
  - Unknown Card (S-tier, score 100) — queued 2026-03-03T07:17:46.696Z
  - Unknown Card (S-tier, score 100) — queued 2026-03-03T07:17:47.933Z
  - Unknown Card (S-tier, score 100) — queued 2026-03-03T07:17:48.934Z
  - Unknown Card (S-tier, score 93) — queued 2026-03-03T07:17:49.904Z
  - Unknown Card (A-tier, score 92) — queued 2026-03-03T07:17:50.897Z
  - Unknown Card (A-tier, score 92) — queued 2026-03-03T07:17:51.856Z
  - Unknown Card (A-tier, score 100) — queued 2026-03-03T07:17:52.839Z
  - Unknown Card (A-tier, score 92) — queued 2026-03-03T07:17:53.821Z
  - Unknown Card (A-tier, score 92) — queued 2026-03-03T07:17:54.936Z
  - Unknown Card (A-tier, score 85) — queued 2026-03-03T07:17:55.919Z
  - Unknown Card (A-tier, score 80) — queued 2026-03-03T07:17:56.870Z
[dispatcher] 🚀 Free Tier Dispatcher starting — 23.3.2026, 15:00:01
[dispatcher] 📊 Queue: 0 pending | 13 due | 0 sent | 13 total queued
[dispatcher] 📤 13 alert(s) ready to dispatch
[dispatcher] ⚠️  TELEGRAM_CHANNEL_FREE not set. Set the env var to enable free channel posting.
[dispatcher] 📋 Would have sent: 13 alerts
  - Unknown Card (S-tier, score 85) — queued 2026-03-03T07:17:44.770Z
  - Unknown Card (S-tier, score 85) — queued 2026-03-03T07:17:45.751Z
  - Unknown Card (S-tier, score 100) — queued 2026-03-03T07:17:46.696Z
  - Unknown Card (S-tier, score 100) — queued 2026-03-03T07:17:47.933Z
  - Unknown Card (S-tier, score 100) — queued 2026-03-03T07:17:48.934Z
  - Unknown Card (S-tier, score 93) — queued 2026-03-03T07:17:49.904Z
  - Unknown Card (A-tier, score 92) — queued 2026-03-03T07:17:50.897Z
  - Unknown Card (A-tier, score 92) — queued 2026-03-03T07:17:51.856Z
  - Unknown Card (A-tier, score 100) — queued 2026-03-03T07:17:52.839Z
  - Unknown Card (A-tier, score 92) — queued 2026-03-03T07:17:53.821Z
  - Unknown Card (A-tier, score 92) — queued 2026-03-03T07:17:54.936Z
  - Unknown Card (A-tier, score 85) — queued 2026-03-03T07:17:55.919Z
  - Unknown Card (A-tier, score 80) — queued 2026-03-03T07:17:56.870Z
[dispatcher] 🚀 Free Tier Dispatcher starting — 23.3.2026, 16:04:01
[dispatcher] 📊 Queue: 0 pending | 13 due | 0 sent | 13 total queued
[dispatcher] 📤 13 alert(s) ready to dispatch
[dispatcher] ⚠️  TELEGRAM_CHANNEL_FREE not set. Set the env var to enable free channel posting.
[dispatcher] 📋 Would have sent: 13 alerts
  - Unknown Card (S-tier, score 85) — queued 2026-03-03T07:17:44.770Z
  - Unknown Card (S-tier, score 85) — queued 2026-03-03T07:17:45.751Z
  - Unknown Card (S-tier, score 100) — queued 2026-03-03T07:17:46.696Z
  - Unknown Card (S-tier, score 100) — queued 2026-03-03T07:17:47.933Z
  - Unknown Card (S-tier, score 100) — queued 2026-03-03T07:17:48.934Z
  - Unknown Card (S-tier, score 93) — queued 2026-03-03T07:17:49.904Z
  - Unknown Card (A-tier, score 92) — queued 2026-03-03T07:17:50.897Z
  - Unknown Card (A-tier, score 92) — queued 2026-03-03T07:17:51.856Z
  - Unknown Card (A-tier, score 100) — queued 2026-03-03T07:17:52.839Z
  - Unknown Card (A-tier, score 92) — queued 2026-03-03T07:17:53.821Z
  - Unknown Card (A-tier, score 92) — queued 2026-03-03T07:17:54.936Z
  - Unknown Card (A-tier, score 85) — queued 2026-03-03T07:17:55.919Z
  - Unknown Card (A-tier, score 80) — queued 2026-03-03T07:17:56.870Z
[dispatcher] 🚀 Free Tier Dispatcher starting — 23.3.2026, 17:00:00
[dispatcher] 📊 Queue: 0 pending | 13 due | 0 sent | 13 total queued
[dispatcher] 📤 13 alert(s) ready to dispatch
[dispatcher] ⚠️  TELEGRAM_CHANNEL_FREE not set. Set the env var to enable free channel posting.
[dispatcher] 📋 Would have sent: 13 alerts
  - Unknown Card (S-tier, score 85) — queued 2026-03-03T07:17:44.770Z
  - Unknown Card (S-tier, score 85) — queued 2026-03-03T07:17:45.751Z
  - Unknown Card (S-tier, score 100) — queued 2026-03-03T07:17:46.696Z
  - Unknown Card (S-tier, score 100) — queued 2026-03-03T07:17:47.933Z
  - Unknown Card (S-tier, score 100) — queued 2026-03-03T07:17:48.934Z
  - Unknown Card (S-tier, score 93) — queued 2026-03-03T07:17:49.904Z
  - Unknown Card (A-tier, score 92) — queued 2026-03-03T07:17:50.897Z
  - Unknown Card (A-tier, score 92) — queued 2026-03-03T07:17:51.856Z
  - Unknown Card (A-tier, score 100) — queued 2026-03-03T07:17:52.839Z
  - Unknown Card (A-tier, score 92) — queued 2026-03-03T07:17:53.821Z
  - Unknown Card (A-tier, score 92) — queued 2026-03-03T07:17:54.936Z
  - Unknown Card (A-tier, score 85) — queued 2026-03-03T07:17:55.919Z
  - Unknown Card (A-tier, score 80) — queued 2026-03-03T07:17:56.870Z
[dispatcher] 🚀 Free Tier Dispatcher starting — 24.3.2026, 04:00:00
[dispatcher] 📊 Queue: 0 pending | 13 due | 0 sent | 13 total queued
[dispatcher] 📤 13 alert(s) ready to dispatch
[dispatcher] ⚠️  TELEGRAM_CHANNEL_FREE not set. Set the env var to enable free channel posting.
[dispatcher] 📋 Would have sent: 13 alerts
  - Unknown Card (S-tier, score 85) — queued 2026-03-03T07:17:44.770Z
  - Unknown Card (S-tier, score 85) — queued 2026-03-03T07:17:45.751Z
  - Unknown Card (S-tier, score 100) — queued 2026-03-03T07:17:46.696Z
  - Unknown Card (S-tier, score 100) — queued 2026-03-03T07:17:47.933Z
  - Unknown Card (S-tier, score 100) — queued 2026-03-03T07:17:48.934Z
  - Unknown Card (S-tier, score 93) — queued 2026-03-03T07:17:49.904Z
  - Unknown Card (A-tier, score 92) — queued 2026-03-03T07:17:50.897Z
  - Unknown Card (A-tier, score 92) — queued 2026-03-03T07:17:51.856Z
  - Unknown Card (A-tier, score 100) — queued 2026-03-03T07:17:52.839Z
  - Unknown Card (A-tier, score 92) — queued 2026-03-03T07:17:53.821Z
  - Unknown Card (A-tier, score 92) — queued 2026-03-03T07:17:54.936Z
  - Unknown Card (A-tier, score 85) — queued 2026-03-03T07:17:55.919Z
  - Unknown Card (A-tier, score 80) — queued 2026-03-03T07:17:56.870Z
[dispatcher] 🚀 Free Tier Dispatcher starting — 24.3.2026, 05:00:00
[dispatcher] 📊 Queue: 0 pending | 13 due | 0 sent | 13 total queued
[dispatcher] 📤 13 alert(s) ready to dispatch
[dispatcher] ⚠️  TELEGRAM_CHANNEL_FREE not set. Set the env var to enable free channel posting.
[dispatcher] 📋 Would have sent: 13 alerts
  - Unknown Card (S-tier, score 85) — queued 2026-03-03T07:17:44.770Z
  - Unknown Card (S-tier, score 85) — queued 2026-03-03T07:17:45.751Z
  - Unknown Card (S-tier, score 100) — queued 2026-03-03T07:17:46.696Z
  - Unknown Card (S-tier, score 100) — queued 2026-03-03T07:17:47.933Z
  - Unknown Card (S-tier, score 100) — queued 2026-03-03T07:17:48.934Z
  - Unknown Card (S-tier, score 93) — queued 2026-03-03T07:17:49.904Z
  - Unknown Card (A-tier, score 92) — queued 2026-03-03T07:17:50.897Z
  - Unknown Card (A-tier, score 92) — queued 2026-03-03T07:17:51.856Z
  - Unknown Card (A-tier, score 100) — queued 2026-03-03T07:17:52.839Z
  - Unknown Card (A-tier, score 92) — queued 2026-03-03T07:17:53.821Z
  - Unknown Card (A-tier, score 92) — queued 2026-03-03T07:17:54.936Z
  - Unknown Card (A-tier, score 85) — queued 2026-03-03T07:17:55.919Z
  - Unknown Card (A-tier, score 80) — queued 2026-03-03T07:17:56.870Z
[dispatcher] 🚀 Free Tier Dispatcher starting — 24.3.2026, 06:00:00
[dispatcher] 📊 Queue: 0 pending | 13 due | 0 sent | 13 total queued
[dispatcher] 📤 13 alert(s) ready to dispatch
[dispatcher] ⚠️  TELEGRAM_CHANNEL_FREE not set. Set the env var to enable free channel posting.
[dispatcher] 📋 Would have sent: 13 alerts
  - Unknown Card (S-tier, score 85) — queued 2026-03-03T07:17:44.770Z
  - Unknown Card (S-tier, score 85) — queued 2026-03-03T07:17:45.751Z
  - Unknown Card (S-tier, score 100) — queued 2026-03-03T07:17:46.696Z
  - Unknown Card (S-tier, score 100) — queued 2026-03-03T07:17:47.933Z
  - Unknown Card (S-tier, score 100) — queued 2026-03-03T07:17:48.934Z
  - Unknown Card (S-tier, score 93) — queued 2026-03-03T07:17:49.904Z
  - Unknown Card (A-tier, score 92) — queued 2026-03-03T07:17:50.897Z
  - Unknown Card (A-tier, score 92) — queued 2026-03-03T07:17:51.856Z
  - Unknown Card (A-tier, score 100) — queued 2026-03-03T07:17:52.839Z
  - Unknown Card (A-tier, score 92) — queued 2026-03-03T07:17:53.821Z
  - Unknown Card (A-tier, score 92) — queued 2026-03-03T07:17:54.936Z
  - Unknown Card (A-tier, score 85) — queued 2026-03-03T07:17:55.919Z
  - Unknown Card (A-tier, score 80) — queued 2026-03-03T07:17:56.870Z
[dispatcher] 🚀 Free Tier Dispatcher starting — 24.3.2026, 07:00:01
[dispatcher] 📊 Queue: 0 pending | 13 due | 0 sent | 13 total queued
[dispatcher] 📤 13 alert(s) ready to dispatch
[dispatcher] ⚠️  TELEGRAM_CHANNEL_FREE not set. Set the env var to enable free channel posting.
[dispatcher] 📋 Would have sent: 13 alerts
  - Unknown Card (S-tier, score 85) — queued 2026-03-03T07:17:44.770Z
  - Unknown Card (S-tier, score 85) — queued 2026-03-03T07:17:45.751Z
  - Unknown Card (S-tier, score 100) — queued 2026-03-03T07:17:46.696Z
  - Unknown Card (S-tier, score 100) — queued 2026-03-03T07:17:47.933Z
  - Unknown Card (S-tier, score 100) — queued 2026-03-03T07:17:48.934Z
  - Unknown Card (S-tier, score 93) — queued 2026-03-03T07:17:49.904Z
  - Unknown Card (A-tier, score 92) — queued 2026-03-03T07:17:50.897Z
  - Unknown Card (A-tier, score 92) — queued 2026-03-03T07:17:51.856Z
  - Unknown Card (A-tier, score 100) — queued 2026-03-03T07:17:52.839Z
  - Unknown Card (A-tier, score 92) — queued 2026-03-03T07:17:53.821Z
  - Unknown Card (A-tier, score 92) — queued 2026-03-03T07:17:54.936Z
  - Unknown Card (A-tier, score 85) — queued 2026-03-03T07:17:55.919Z
  - Unknown Card (A-tier, score 80) — queued 2026-03-03T07:17:56.870Z
[dispatcher] 🚀 Free Tier Dispatcher starting — 24.3.2026, 08:00:00
[dispatcher] 📊 Queue: 0 pending | 13 due | 0 sent | 13 total queued
[dispatcher] 📤 13 alert(s) ready to dispatch
[dispatcher] ⚠️  TELEGRAM_CHANNEL_FREE not set. Set the env var to enable free channel posting.
[dispatcher] 📋 Would have sent: 13 alerts
  - Unknown Card (S-tier, score 85) — queued 2026-03-03T07:17:44.770Z
  - Unknown Card (S-tier, score 85) — queued 2026-03-03T07:17:45.751Z
  - Unknown Card (S-tier, score 100) — queued 2026-03-03T07:17:46.696Z
  - Unknown Card (S-tier, score 100) — queued 2026-03-03T07:17:47.933Z
  - Unknown Card (S-tier, score 100) — queued 2026-03-03T07:17:48.934Z
  - Unknown Card (S-tier, score 93) — queued 2026-03-03T07:17:49.904Z
  - Unknown Card (A-tier, score 92) — queued 2026-03-03T07:17:50.897Z
  - Unknown Card (A-tier, score 92) — queued 2026-03-03T07:17:51.856Z
  - Unknown Card (A-tier, score 100) — queued 2026-03-03T07:17:52.839Z
  - Unknown Card (A-tier, score 92) — queued 2026-03-03T07:17:53.821Z
  - Unknown Card (A-tier, score 92) — queued 2026-03-03T07:17:54.936Z
  - Unknown Card (A-tier, score 85) — queued 2026-03-03T07:17:55.919Z
  - Unknown Card (A-tier, score 80) — queued 2026-03-03T07:17:56.870Z
[dispatcher] 🚀 Free Tier Dispatcher starting — 24.3.2026, 10:00:00
[dispatcher] 📊 Queue: 1 pending | 13 due | 0 sent | 14 total queued
[dispatcher] 📤 13 alert(s) ready to dispatch
[dispatcher] ⚠️  TELEGRAM_CHANNEL_FREE not set. Set the env var to enable free channel posting.
[dispatcher] 📋 Would have sent: 13 alerts
  - Unknown Card (S-tier, score 85) — queued 2026-03-03T07:17:44.770Z
  - Unknown Card (S-tier, score 85) — queued 2026-03-03T07:17:45.751Z
  - Unknown Card (S-tier, score 100) — queued 2026-03-03T07:17:46.696Z
  - Unknown Card (S-tier, score 100) — queued 2026-03-03T07:17:47.933Z
  - Unknown Card (S-tier, score 100) — queued 2026-03-03T07:17:48.934Z
  - Unknown Card (S-tier, score 93) — queued 2026-03-03T07:17:49.904Z
  - Unknown Card (A-tier, score 92) — queued 2026-03-03T07:17:50.897Z
  - Unknown Card (A-tier, score 92) — queued 2026-03-03T07:17:51.856Z
  - Unknown Card (A-tier, score 100) — queued 2026-03-03T07:17:52.839Z
  - Unknown Card (A-tier, score 92) — queued 2026-03-03T07:17:53.821Z
  - Unknown Card (A-tier, score 92) — queued 2026-03-03T07:17:54.936Z
  - Unknown Card (A-tier, score 85) — queued 2026-03-03T07:17:55.919Z
  - Unknown Card (A-tier, score 80) — queued 2026-03-03T07:17:56.870Z
[dispatcher] 🚀 Free Tier Dispatcher starting — 24.3.2026, 11:00:00
[dispatcher] 📊 Queue: 1 pending | 13 due | 0 sent | 14 total queued
[dispatcher] 📤 13 alert(s) ready to dispatch
[dispatcher] ⚠️  TELEGRAM_CHANNEL_FREE not set. Set the env var to enable free channel posting.
[dispatcher] 📋 Would have sent: 13 alerts
  - Unknown Card (S-tier, score 85) — queued 2026-03-03T07:17:44.770Z
  - Unknown Card (S-tier, score 85) — queued 2026-03-03T07:17:45.751Z
  - Unknown Card (S-tier, score 100) — queued 2026-03-03T07:17:46.696Z
  - Unknown Card (S-tier, score 100) — queued 2026-03-03T07:17:47.933Z
  - Unknown Card (S-tier, score 100) — queued 2026-03-03T07:17:48.934Z
  - Unknown Card (S-tier, score 93) — queued 2026-03-03T07:17:49.904Z
  - Unknown Card (A-tier, score 92) — queued 2026-03-03T07:17:50.897Z
  - Unknown Card (A-tier, score 92) — queued 2026-03-03T07:17:51.856Z
  - Unknown Card (A-tier, score 100) — queued 2026-03-03T07:17:52.839Z
  - Unknown Card (A-tier, score 92) — queued 2026-03-03T07:17:53.821Z
  - Unknown Card (A-tier, score 92) — queued 2026-03-03T07:17:54.936Z
  - Unknown Card (A-tier, score 85) — queued 2026-03-03T07:17:55.919Z
  - Unknown Card (A-tier, score 80) — queued 2026-03-03T07:17:56.870Z
[dispatcher] 🚀 Free Tier Dispatcher starting — 24.3.2026, 13:00:00
[dispatcher] 📊 Queue: 1 pending | 13 due | 0 sent | 14 total queued
[dispatcher] 📤 13 alert(s) ready to dispatch
[dispatcher] ⚠️  TELEGRAM_CHANNEL_FREE not set. Set the env var to enable free channel posting.
[dispatcher] 📋 Would have sent: 13 alerts
  - Unknown Card (S-tier, score 85) — queued 2026-03-03T07:17:44.770Z
  - Unknown Card (S-tier, score 85) — queued 2026-03-03T07:17:45.751Z
  - Unknown Card (S-tier, score 100) — queued 2026-03-03T07:17:46.696Z
  - Unknown Card (S-tier, score 100) — queued 2026-03-03T07:17:47.933Z
  - Unknown Card (S-tier, score 100) — queued 2026-03-03T07:17:48.934Z
  - Unknown Card (S-tier, score 93) — queued 2026-03-03T07:17:49.904Z
  - Unknown Card (A-tier, score 92) — queued 2026-03-03T07:17:50.897Z
  - Unknown Card (A-tier, score 92) — queued 2026-03-03T07:17:51.856Z
  - Unknown Card (A-tier, score 100) — queued 2026-03-03T07:17:52.839Z
  - Unknown Card (A-tier, score 92) — queued 2026-03-03T07:17:53.821Z
  - Unknown Card (A-tier, score 92) — queued 2026-03-03T07:17:54.936Z
  - Unknown Card (A-tier, score 85) — queued 2026-03-03T07:17:55.919Z
  - Unknown Card (A-tier, score 80) — queued 2026-03-03T07:17:56.870Z
[dispatcher] 🚀 Free Tier Dispatcher starting — 24.3.2026, 14:00:00
[dispatcher] 📊 Queue: 1 pending | 13 due | 0 sent | 14 total queued
[dispatcher] 📤 13 alert(s) ready to dispatch
[dispatcher] ⚠️  TELEGRAM_CHANNEL_FREE not set. Set the env var to enable free channel posting.
[dispatcher] 📋 Would have sent: 13 alerts
  - Unknown Card (S-tier, score 85) — queued 2026-03-03T07:17:44.770Z
  - Unknown Card (S-tier, score 85) — queued 2026-03-03T07:17:45.751Z
  - Unknown Card (S-tier, score 100) — queued 2026-03-03T07:17:46.696Z
  - Unknown Card (S-tier, score 100) — queued 2026-03-03T07:17:47.933Z
  - Unknown Card (S-tier, score 100) — queued 2026-03-03T07:17:48.934Z
  - Unknown Card (S-tier, score 93) — queued 2026-03-03T07:17:49.904Z
  - Unknown Card (A-tier, score 92) — queued 2026-03-03T07:17:50.897Z
  - Unknown Card (A-tier, score 92) — queued 2026-03-03T07:17:51.856Z
  - Unknown Card (A-tier, score 100) — queued 2026-03-03T07:17:52.839Z
  - Unknown Card (A-tier, score 92) — queued 2026-03-03T07:17:53.821Z
  - Unknown Card (A-tier, score 92) — queued 2026-03-03T07:17:54.936Z
  - Unknown Card (A-tier, score 85) — queued 2026-03-03T07:17:55.919Z
  - Unknown Card (A-tier, score 80) — queued 2026-03-03T07:17:56.870Z
[dispatcher] 🚀 Free Tier Dispatcher starting — 24.3.2026, 15:00:00
[dispatcher] 📊 Queue: 1 pending | 13 due | 0 sent | 14 total queued
[dispatcher] 📤 13 alert(s) ready to dispatch
[dispatcher] ⚠️  TELEGRAM_CHANNEL_FREE not set. Set the env var to enable free channel posting.
[dispatcher] 📋 Would have sent: 13 alerts
  - Unknown Card (S-tier, score 85) — queued 2026-03-03T07:17:44.770Z
  - Unknown Card (S-tier, score 85) — queued 2026-03-03T07:17:45.751Z
  - Unknown Card (S-tier, score 100) — queued 2026-03-03T07:17:46.696Z
  - Unknown Card (S-tier, score 100) — queued 2026-03-03T07:17:47.933Z
  - Unknown Card (S-tier, score 100) — queued 2026-03-03T07:17:48.934Z
  - Unknown Card (S-tier, score 93) — queued 2026-03-03T07:17:49.904Z
  - Unknown Card (A-tier, score 92) — queued 2026-03-03T07:17:50.897Z
  - Unknown Card (A-tier, score 92) — queued 2026-03-03T07:17:51.856Z
  - Unknown Card (A-tier, score 100) — queued 2026-03-03T07:17:52.839Z
  - Unknown Card (A-tier, score 92) — queued 2026-03-03T07:17:53.821Z
  - Unknown Card (A-tier, score 92) — queued 2026-03-03T07:17:54.936Z
  - Unknown Card (A-tier, score 85) — queued 2026-03-03T07:17:55.919Z
  - Unknown Card (A-tier, score 80) — queued 2026-03-03T07:17:56.870Z
[dispatcher] 🚀 Free Tier Dispatcher starting — 24.3.2026, 16:00:00
[dispatcher] 📊 Queue: 1 pending | 13 due | 0 sent | 14 total queued
[dispatcher] 📤 13 alert(s) ready to dispatch
[dispatcher] ⚠️  TELEGRAM_CHANNEL_FREE not set. Set the env var to enable free channel posting.
[dispatcher] 📋 Would have sent: 13 alerts
  - Unknown Card (S-tier, score 85) — queued 2026-03-03T07:17:44.770Z
  - Unknown Card (S-tier, score 85) — queued 2026-03-03T07:17:45.751Z
  - Unknown Card (S-tier, score 100) — queued 2026-03-03T07:17:46.696Z
  - Unknown Card (S-tier, score 100) — queued 2026-03-03T07:17:47.933Z
  - Unknown Card (S-tier, score 100) — queued 2026-03-03T07:17:48.934Z
  - Unknown Card (S-tier, score 93) — queued 2026-03-03T07:17:49.904Z
  - Unknown Card (A-tier, score 92) — queued 2026-03-03T07:17:50.897Z
  - Unknown Card (A-tier, score 92) — queued 2026-03-03T07:17:51.856Z
  - Unknown Card (A-tier, score 100) — queued 2026-03-03T07:17:52.839Z
  - Unknown Card (A-tier, score 92) — queued 2026-03-03T07:17:53.821Z
  - Unknown Card (A-tier, score 92) — queued 2026-03-03T07:17:54.936Z
  - Unknown Card (A-tier, score 85) — queued 2026-03-03T07:17:55.919Z
  - Unknown Card (A-tier, score 80) — queued 2026-03-03T07:17:56.870Z
[dispatcher] 🚀 Free Tier Dispatcher starting — 24.3.2026, 17:00:01
[dispatcher] 📊 Queue: 1 pending | 13 due | 0 sent | 14 total queued
[dispatcher] 📤 13 alert(s) ready to dispatch
[dispatcher] ⚠️  TELEGRAM_CHANNEL_FREE not set. Set the env var to enable free channel posting.
[dispatcher] 📋 Would have sent: 13 alerts
  - Unknown Card (S-tier, score 85) — queued 2026-03-03T07:17:44.770Z
  - Unknown Card (S-tier, score 85) — queued 2026-03-03T07:17:45.751Z
  - Unknown Card (S-tier, score 100) — queued 2026-03-03T07:17:46.696Z
  - Unknown Card (S-tier, score 100) — queued 2026-03-03T07:17:47.933Z
  - Unknown Card (S-tier, score 100) — queued 2026-03-03T07:17:48.934Z
  - Unknown Card (S-tier, score 93) — queued 2026-03-03T07:17:49.904Z
  - Unknown Card (A-tier, score 92) — queued 2026-03-03T07:17:50.897Z
  - Unknown Card (A-tier, score 92) — queued 2026-03-03T07:17:51.856Z
  - Unknown Card (A-tier, score 100) — queued 2026-03-03T07:17:52.839Z
  - Unknown Card (A-tier, score 92) — queued 2026-03-03T07:17:53.821Z
  - Unknown Card (A-tier, score 92) — queued 2026-03-03T07:17:54.936Z
  - Unknown Card (A-tier, score 85) — queued 2026-03-03T07:17:55.919Z
  - Unknown Card (A-tier, score 80) — queued 2026-03-03T07:17:56.870Z
[dispatcher] 🚀 Free Tier Dispatcher starting — 24.3.2026, 18:00:00
[dispatcher] 📊 Queue: 1 pending | 13 due | 0 sent | 14 total queued
[dispatcher] 📤 13 alert(s) ready to dispatch
[dispatcher] ⚠️  TELEGRAM_CHANNEL_FREE not set. Set the env var to enable free channel posting.
[dispatcher] 📋 Would have sent: 13 alerts
  - Unknown Card (S-tier, score 85) — queued 2026-03-03T07:17:44.770Z
  - Unknown Card (S-tier, score 85) — queued 2026-03-03T07:17:45.751Z
  - Unknown Card (S-tier, score 100) — queued 2026-03-03T07:17:46.696Z
  - Unknown Card (S-tier, score 100) — queued 2026-03-03T07:17:47.933Z
  - Unknown Card (S-tier, score 100) — queued 2026-03-03T07:17:48.934Z
  - Unknown Card (S-tier, score 93) — queued 2026-03-03T07:17:49.904Z
  - Unknown Card (A-tier, score 92) — queued 2026-03-03T07:17:50.897Z
  - Unknown Card (A-tier, score 92) — queued 2026-03-03T07:17:51.856Z
  - Unknown Card (A-tier, score 100) — queued 2026-03-03T07:17:52.839Z
  - Unknown Card (A-tier, score 92) — queued 2026-03-03T07:17:53.821Z
  - Unknown Card (A-tier, score 92) — queued 2026-03-03T07:17:54.936Z
  - Unknown Card (A-tier, score 85) — queued 2026-03-03T07:17:55.919Z
  - Unknown Card (A-tier, score 80) — queued 2026-03-03T07:17:56.870Z
[dispatcher] 🚀 Free Tier Dispatcher starting — 24.3.2026, 19:00:00
[dispatcher] 📊 Queue: 1 pending | 13 due | 0 sent | 14 total queued
[dispatcher] 📤 13 alert(s) ready to dispatch
[dispatcher] ⚠️  TELEGRAM_CHANNEL_FREE not set. Set the env var to enable free channel posting.
[dispatcher] 📋 Would have sent: 13 alerts
  - Unknown Card (S-tier, score 85) — queued 2026-03-03T07:17:44.770Z
  - Unknown Card (S-tier, score 85) — queued 2026-03-03T07:17:45.751Z
  - Unknown Card (S-tier, score 100) — queued 2026-03-03T07:17:46.696Z
  - Unknown Card (S-tier, score 100) — queued 2026-03-03T07:17:47.933Z
  - Unknown Card (S-tier, score 100) — queued 2026-03-03T07:17:48.934Z
  - Unknown Card (S-tier, score 93) — queued 2026-03-03T07:17:49.904Z
  - Unknown Card (A-tier, score 92) — queued 2026-03-03T07:17:50.897Z
  - Unknown Card (A-tier, score 92) — queued 2026-03-03T07:17:51.856Z
  - Unknown Card (A-tier, score 100) — queued 2026-03-03T07:17:52.839Z
  - Unknown Card (A-tier, score 92) — queued 2026-03-03T07:17:53.821Z
  - Unknown Card (A-tier, score 92) — queued 2026-03-03T07:17:54.936Z
  - Unknown Card (A-tier, score 85) — queued 2026-03-03T07:17:55.919Z
  - Unknown Card (A-tier, score 80) — queued 2026-03-03T07:17:56.870Z
[dispatcher] 🚀 Free Tier Dispatcher starting — 24.3.2026, 20:00:00
[dispatcher] 📊 Queue: 1 pending | 13 due | 0 sent | 14 total queued
[dispatcher] 📤 13 alert(s) ready to dispatch
[dispatcher] ⚠️  TELEGRAM_CHANNEL_FREE not set. Set the env var to enable free channel posting.
[dispatcher] 📋 Would have sent: 13 alerts
  - Unknown Card (S-tier, score 85) — queued 2026-03-03T07:17:44.770Z
  - Unknown Card (S-tier, score 85) — queued 2026-03-03T07:17:45.751Z
  - Unknown Card (S-tier, score 100) — queued 2026-03-03T07:17:46.696Z
  - Unknown Card (S-tier, score 100) — queued 2026-03-03T07:17:47.933Z
  - Unknown Card (S-tier, score 100) — queued 2026-03-03T07:17:48.934Z
  - Unknown Card (S-tier, score 93) — queued 2026-03-03T07:17:49.904Z
  - Unknown Card (A-tier, score 92) — queued 2026-03-03T07:17:50.897Z
  - Unknown Card (A-tier, score 92) — queued 2026-03-03T07:17:51.856Z
  - Unknown Card (A-tier, score 100) — queued 2026-03-03T07:17:52.839Z
  - Unknown Card (A-tier, score 92) — queued 2026-03-03T07:17:53.821Z
  - Unknown Card (A-tier, score 92) — queued 2026-03-03T07:17:54.936Z
  - Unknown Card (A-tier, score 85) — queued 2026-03-03T07:17:55.919Z
  - Unknown Card (A-tier, score 80) — queued 2026-03-03T07:17:56.870Z
[dispatcher] 🚀 Free Tier Dispatcher starting — 24.3.2026, 21:00:00
[dispatcher] 📊 Queue: 1 pending | 13 due | 0 sent | 14 total queued
[dispatcher] 📤 13 alert(s) ready to dispatch
[dispatcher] ⚠️  TELEGRAM_CHANNEL_FREE not set. Set the env var to enable free channel posting.
[dispatcher] 📋 Would have sent: 13 alerts
  - Unknown Card (S-tier, score 85) — queued 2026-03-03T07:17:44.770Z
  - Unknown Card (S-tier, score 85) — queued 2026-03-03T07:17:45.751Z
  - Unknown Card (S-tier, score 100) — queued 2026-03-03T07:17:46.696Z
  - Unknown Card (S-tier, score 100) — queued 2026-03-03T07:17:47.933Z
  - Unknown Card (S-tier, score 100) — queued 2026-03-03T07:17:48.934Z
  - Unknown Card (S-tier, score 93) — queued 2026-03-03T07:17:49.904Z
  - Unknown Card (A-tier, score 92) — queued 2026-03-03T07:17:50.897Z
  - Unknown Card (A-tier, score 92) — queued 2026-03-03T07:17:51.856Z
  - Unknown Card (A-tier, score 100) — queued 2026-03-03T07:17:52.839Z
  - Unknown Card (A-tier, score 92) — queued 2026-03-03T07:17:53.821Z
  - Unknown Card (A-tier, score 92) — queued 2026-03-03T07:17:54.936Z
  - Unknown Card (A-tier, score 85) — queued 2026-03-03T07:17:55.919Z
  - Unknown Card (A-tier, score 80) — queued 2026-03-03T07:17:56.870Z
[dispatcher] 🚀 Free Tier Dispatcher starting — 24.3.2026, 22:00:00
[dispatcher] 📊 Queue: 1 pending | 13 due | 0 sent | 14 total queued
[dispatcher] 📤 13 alert(s) ready to dispatch
[dispatcher] ⚠️  TELEGRAM_CHANNEL_FREE not set. Set the env var to enable free channel posting.
[dispatcher] 📋 Would have sent: 13 alerts
  - Unknown Card (S-tier, score 85) — queued 2026-03-03T07:17:44.770Z
  - Unknown Card (S-tier, score 85) — queued 2026-03-03T07:17:45.751Z
  - Unknown Card (S-tier, score 100) — queued 2026-03-03T07:17:46.696Z
  - Unknown Card (S-tier, score 100) — queued 2026-03-03T07:17:47.933Z
  - Unknown Card (S-tier, score 100) — queued 2026-03-03T07:17:48.934Z
  - Unknown Card (S-tier, score 93) — queued 2026-03-03T07:17:49.904Z
  - Unknown Card (A-tier, score 92) — queued 2026-03-03T07:17:50.897Z
  - Unknown Card (A-tier, score 92) — queued 2026-03-03T07:17:51.856Z
  - Unknown Card (A-tier, score 100) — queued 2026-03-03T07:17:52.839Z
  - Unknown Card (A-tier, score 92) — queued 2026-03-03T07:17:53.821Z
  - Unknown Card (A-tier, score 92) — queued 2026-03-03T07:17:54.936Z
  - Unknown Card (A-tier, score 85) — queued 2026-03-03T07:17:55.919Z
  - Unknown Card (A-tier, score 80) — queued 2026-03-03T07:17:56.870Z
[dispatcher] 🚀 Free Tier Dispatcher starting — 24.3.2026, 23:00:00
[dispatcher] 📊 Queue: 1 pending | 13 due | 0 sent | 14 total queued
[dispatcher] 📤 13 alert(s) ready to dispatch
[dispatcher] ⚠️  TELEGRAM_CHANNEL_FREE not set. Set the env var to enable free channel posting.
[dispatcher] 📋 Would have sent: 13 alerts
  - Unknown Card (S-tier, score 85) — queued 2026-03-03T07:17:44.770Z
  - Unknown Card (S-tier, score 85) — queued 2026-03-03T07:17:45.751Z
  - Unknown Card (S-tier, score 100) — queued 2026-03-03T07:17:46.696Z
  - Unknown Card (S-tier, score 100) — queued 2026-03-03T07:17:47.933Z
  - Unknown Card (S-tier, score 100) — queued 2026-03-03T07:17:48.934Z
  - Unknown Card (S-tier, score 93) — queued 2026-03-03T07:17:49.904Z
  - Unknown Card (A-tier, score 92) — queued 2026-03-03T07:17:50.897Z
  - Unknown Card (A-tier, score 92) — queued 2026-03-03T07:17:51.856Z
  - Unknown Card (A-tier, score 100) — queued 2026-03-03T07:17:52.839Z
  - Unknown Card (A-tier, score 92) — queued 2026-03-03T07:17:53.821Z
  - Unknown Card (A-tier, score 92) — queued 2026-03-03T07:17:54.936Z
  - Unknown Card (A-tier, score 85) — queued 2026-03-03T07:17:55.919Z
  - Unknown Card (A-tier, score 80) — queued 2026-03-03T07:17:56.870Z
[dispatcher] 🚀 Free Tier Dispatcher starting — 25.3.2026, 00:00:00
[dispatcher] 📊 Queue: 1 pending | 13 due | 0 sent | 14 total queued
[dispatcher] 📤 13 alert(s) ready to dispatch
[dispatcher] ⚠️  TELEGRAM_CHANNEL_FREE not set. Set the env var to enable free channel posting.
[dispatcher] 📋 Would have sent: 13 alerts
  - Unknown Card (S-tier, score 85) — queued 2026-03-03T07:17:44.770Z
  - Unknown Card (S-tier, score 85) — queued 2026-03-03T07:17:45.751Z
  - Unknown Card (S-tier, score 100) — queued 2026-03-03T07:17:46.696Z
  - Unknown Card (S-tier, score 100) — queued 2026-03-03T07:17:47.933Z
  - Unknown Card (S-tier, score 100) — queued 2026-03-03T07:17:48.934Z
  - Unknown Card (S-tier, score 93) — queued 2026-03-03T07:17:49.904Z
  - Unknown Card (A-tier, score 92) — queued 2026-03-03T07:17:50.897Z
  - Unknown Card (A-tier, score 92) — queued 2026-03-03T07:17:51.856Z
  - Unknown Card (A-tier, score 100) — queued 2026-03-03T07:17:52.839Z
  - Unknown Card (A-tier, score 92) — queued 2026-03-03T07:17:53.821Z
  - Unknown Card (A-tier, score 92) — queued 2026-03-03T07:17:54.936Z
  - Unknown Card (A-tier, score 85) — queued 2026-03-03T07:17:55.919Z
  - Unknown Card (A-tier, score 80) — queued 2026-03-03T07:17:56.870Z
[dispatcher] 🚀 Free Tier Dispatcher starting — 25.3.2026, 05:00:00
[dispatcher] 📊 Queue: 1 pending | 13 due | 0 sent | 14 total queued
[dispatcher] 📤 13 alert(s) ready to dispatch
[dispatcher] ⚠️  TELEGRAM_CHANNEL_FREE not set. Set the env var to enable free channel posting.
[dispatcher] 📋 Would have sent: 13 alerts
  - Unknown Card (S-tier, score 85) — queued 2026-03-03T07:17:44.770Z
  - Unknown Card (S-tier, score 85) — queued 2026-03-03T07:17:45.751Z
  - Unknown Card (S-tier, score 100) — queued 2026-03-03T07:17:46.696Z
  - Unknown Card (S-tier, score 100) — queued 2026-03-03T07:17:47.933Z
  - Unknown Card (S-tier, score 100) — queued 2026-03-03T07:17:48.934Z
  - Unknown Card (S-tier, score 93) — queued 2026-03-03T07:17:49.904Z
  - Unknown Card (A-tier, score 92) — queued 2026-03-03T07:17:50.897Z
  - Unknown Card (A-tier, score 92) — queued 2026-03-03T07:17:51.856Z
  - Unknown Card (A-tier, score 100) — queued 2026-03-03T07:17:52.839Z
  - Unknown Card (A-tier, score 92) — queued 2026-03-03T07:17:53.821Z
  - Unknown Card (A-tier, score 92) — queued 2026-03-03T07:17:54.936Z
  - Unknown Card (A-tier, score 85) — queued 2026-03-03T07:17:55.919Z
  - Unknown Card (A-tier, score 80) — queued 2026-03-03T07:17:56.870Z
[dispatcher] 🚀 Free Tier Dispatcher starting — 25.3.2026, 06:00:00
[dispatcher] 📊 Queue: 1 pending | 13 due | 0 sent | 14 total queued
[dispatcher] 📤 13 alert(s) ready to dispatch
[dispatcher] ⚠️  TELEGRAM_CHANNEL_FREE not set. Set the env var to enable free channel posting.
[dispatcher] 📋 Would have sent: 13 alerts
  - Unknown Card (S-tier, score 85) — queued 2026-03-03T07:17:44.770Z
  - Unknown Card (S-tier, score 85) — queued 2026-03-03T07:17:45.751Z
  - Unknown Card (S-tier, score 100) — queued 2026-03-03T07:17:46.696Z
  - Unknown Card (S-tier, score 100) — queued 2026-03-03T07:17:47.933Z
  - Unknown Card (S-tier, score 100) — queued 2026-03-03T07:17:48.934Z
  - Unknown Card (S-tier, score 93) — queued 2026-03-03T07:17:49.904Z
  - Unknown Card (A-tier, score 92) — queued 2026-03-03T07:17:50.897Z
  - Unknown Card (A-tier, score 92) — queued 2026-03-03T07:17:51.856Z
  - Unknown Card (A-tier, score 100) — queued 2026-03-03T07:17:52.839Z
  - Unknown Card (A-tier, score 92) — queued 2026-03-03T07:17:53.821Z
  - Unknown Card (A-tier, score 92) — queued 2026-03-03T07:17:54.936Z
  - Unknown Card (A-tier, score 85) — queued 2026-03-03T07:17:55.919Z
  - Unknown Card (A-tier, score 80) — queued 2026-03-03T07:17:56.870Z
[dispatcher] 🚀 Free Tier Dispatcher starting — 25.3.2026, 07:00:00
[dispatcher] 📊 Queue: 1 pending | 13 due | 0 sent | 14 total queued
[dispatcher] 📤 13 alert(s) ready to dispatch
[dispatcher] ⚠️  TELEGRAM_CHANNEL_FREE not set. Set the env var to enable free channel posting.
[dispatcher] 📋 Would have sent: 13 alerts
  - Unknown Card (S-tier, score 85) — queued 2026-03-03T07:17:44.770Z
  - Unknown Card (S-tier, score 85) — queued 2026-03-03T07:17:45.751Z
  - Unknown Card (S-tier, score 100) — queued 2026-03-03T07:17:46.696Z
  - Unknown Card (S-tier, score 100) — queued 2026-03-03T07:17:47.933Z
  - Unknown Card (S-tier, score 100) — queued 2026-03-03T07:17:48.934Z
  - Unknown Card (S-tier, score 93) — queued 2026-03-03T07:17:49.904Z
  - Unknown Card (A-tier, score 92) — queued 2026-03-03T07:17:50.897Z
  - Unknown Card (A-tier, score 92) — queued 2026-03-03T07:17:51.856Z
  - Unknown Card (A-tier, score 100) — queued 2026-03-03T07:17:52.839Z
  - Unknown Card (A-tier, score 92) — queued 2026-03-03T07:17:53.821Z
  - Unknown Card (A-tier, score 92) — queued 2026-03-03T07:17:54.936Z
  - Unknown Card (A-tier, score 85) — queued 2026-03-03T07:17:55.919Z
  - Unknown Card (A-tier, score 80) — queued 2026-03-03T07:17:56.870Z
[dispatcher] 🚀 Free Tier Dispatcher starting — 25.3.2026, 09:00:01
[dispatcher] 📊 Queue: 1 pending | 13 due | 0 sent | 14 total queued
[dispatcher] 📤 13 alert(s) ready to dispatch
[dispatcher] ⚠️  TELEGRAM_CHANNEL_FREE not set. Set the env var to enable free channel posting.
[dispatcher] 📋 Would have sent: 13 alerts
  - Unknown Card (S-tier, score 85) — queued 2026-03-03T07:17:44.770Z
  - Unknown Card (S-tier, score 85) — queued 2026-03-03T07:17:45.751Z
  - Unknown Card (S-tier, score 100) — queued 2026-03-03T07:17:46.696Z
  - Unknown Card (S-tier, score 100) — queued 2026-03-03T07:17:47.933Z
  - Unknown Card (S-tier, score 100) — queued 2026-03-03T07:17:48.934Z
  - Unknown Card (S-tier, score 93) — queued 2026-03-03T07:17:49.904Z
  - Unknown Card (A-tier, score 92) — queued 2026-03-03T07:17:50.897Z
  - Unknown Card (A-tier, score 92) — queued 2026-03-03T07:17:51.856Z
  - Unknown Card (A-tier, score 100) — queued 2026-03-03T07:17:52.839Z
  - Unknown Card (A-tier, score 92) — queued 2026-03-03T07:17:53.821Z
  - Unknown Card (A-tier, score 92) — queued 2026-03-03T07:17:54.936Z
  - Unknown Card (A-tier, score 85) — queued 2026-03-03T07:17:55.919Z
  - Unknown Card (A-tier, score 80) — queued 2026-03-03T07:17:56.870Z
[dispatcher] 🚀 Free Tier Dispatcher starting — 25.3.2026, 10:00:00
[dispatcher] 📊 Queue: 1 pending | 13 due | 0 sent | 14 total queued
[dispatcher] 📤 13 alert(s) ready to dispatch
[dispatcher] ⚠️  TELEGRAM_CHANNEL_FREE not set. Set the env var to enable free channel posting.
[dispatcher] 📋 Would have sent: 13 alerts
  - Unknown Card (S-tier, score 85) — queued 2026-03-03T07:17:44.770Z
  - Unknown Card (S-tier, score 85) — queued 2026-03-03T07:17:45.751Z
  - Unknown Card (S-tier, score 100) — queued 2026-03-03T07:17:46.696Z
  - Unknown Card (S-tier, score 100) — queued 2026-03-03T07:17:47.933Z
  - Unknown Card (S-tier, score 100) — queued 2026-03-03T07:17:48.934Z
  - Unknown Card (S-tier, score 93) — queued 2026-03-03T07:17:49.904Z
  - Unknown Card (A-tier, score 92) — queued 2026-03-03T07:17:50.897Z
  - Unknown Card (A-tier, score 92) — queued 2026-03-03T07:17:51.856Z
  - Unknown Card (A-tier, score 100) — queued 2026-03-03T07:17:52.839Z
  - Unknown Card (A-tier, score 92) — queued 2026-03-03T07:17:53.821Z
  - Unknown Card (A-tier, score 92) — queued 2026-03-03T07:17:54.936Z
  - Unknown Card (A-tier, score 85) — queued 2026-03-03T07:17:55.919Z
  - Unknown Card (A-tier, score 80) — queued 2026-03-03T07:17:56.870Z
[dispatcher] 🚀 Free Tier Dispatcher starting — 26.3.2026, 05:00:00
[dispatcher] 📊 Queue: 1 pending | 13 due | 0 sent | 14 total queued
[dispatcher] 📤 13 alert(s) ready to dispatch
[dispatcher] ⚠️  TELEGRAM_CHANNEL_FREE not set. Set the env var to enable free channel posting.
[dispatcher] 📋 Would have sent: 13 alerts
  - Unknown Card (S-tier, score 85) — queued 2026-03-03T07:17:44.770Z
  - Unknown Card (S-tier, score 85) — queued 2026-03-03T07:17:45.751Z
  - Unknown Card (S-tier, score 100) — queued 2026-03-03T07:17:46.696Z
  - Unknown Card (S-tier, score 100) — queued 2026-03-03T07:17:47.933Z
  - Unknown Card (S-tier, score 100) — queued 2026-03-03T07:17:48.934Z
  - Unknown Card (S-tier, score 93) — queued 2026-03-03T07:17:49.904Z
  - Unknown Card (A-tier, score 92) — queued 2026-03-03T07:17:50.897Z
  - Unknown Card (A-tier, score 92) — queued 2026-03-03T07:17:51.856Z
  - Unknown Card (A-tier, score 100) — queued 2026-03-03T07:17:52.839Z
  - Unknown Card (A-tier, score 92) — queued 2026-03-03T07:17:53.821Z
  - Unknown Card (A-tier, score 92) — queued 2026-03-03T07:17:54.936Z
  - Unknown Card (A-tier, score 85) — queued 2026-03-03T07:17:55.919Z
  - Unknown Card (A-tier, score 80) — queued 2026-03-03T07:17:56.870Z
[dispatcher] 🚀 Free Tier Dispatcher starting — 27.3.2026, 05:00:00
[dispatcher] 📊 Queue: 0 pending | 14 due | 0 sent | 14 total queued
[dispatcher] 📤 14 alert(s) ready to dispatch
[dispatcher] ⚠️  TELEGRAM_CHANNEL_FREE not set. Set the env var to enable free channel posting.
[dispatcher] 📋 Would have sent: 14 alerts
  - Unknown Card (S-tier, score 85) — queued 2026-03-03T07:17:44.770Z
  - Unknown Card (S-tier, score 85) — queued 2026-03-03T07:17:45.751Z
  - Unknown Card (S-tier, score 100) — queued 2026-03-03T07:17:46.696Z
  - Unknown Card (S-tier, score 100) — queued 2026-03-03T07:17:47.933Z
  - Unknown Card (S-tier, score 100) — queued 2026-03-03T07:17:48.934Z
  - Unknown Card (S-tier, score 93) — queued 2026-03-03T07:17:49.904Z
  - Unknown Card (A-tier, score 92) — queued 2026-03-03T07:17:50.897Z
  - Unknown Card (A-tier, score 92) — queued 2026-03-03T07:17:51.856Z
  - Unknown Card (A-tier, score 100) — queued 2026-03-03T07:17:52.839Z
  - Unknown Card (A-tier, score 92) — queued 2026-03-03T07:17:53.821Z
  - Unknown Card (A-tier, score 92) — queued 2026-03-03T07:17:54.936Z
  - Unknown Card (A-tier, score 85) — queued 2026-03-03T07:17:55.919Z
  - Unknown Card (A-tier, score 80) — queued 2026-03-03T07:17:56.870Z
  - Unknown Card (S-tier, score 85) — queued 2026-03-24T07:18:58.593Z
[dispatcher] 🚀 Free Tier Dispatcher starting — 27.3.2026, 08:00:01
[dispatcher] 📊 Queue: 0 pending | 14 due | 0 sent | 14 total queued
[dispatcher] 📤 14 alert(s) ready to dispatch
[dispatcher] ⚠️  TELEGRAM_CHANNEL_FREE not set. Set the env var to enable free channel posting.
[dispatcher] 📋 Would have sent: 14 alerts
  - Unknown Card (S-tier, score 85) — queued 2026-03-03T07:17:44.770Z
  - Unknown Card (S-tier, score 85) — queued 2026-03-03T07:17:45.751Z
  - Unknown Card (S-tier, score 100) — queued 2026-03-03T07:17:46.696Z
  - Unknown Card (S-tier, score 100) — queued 2026-03-03T07:17:47.933Z
  - Unknown Card (S-tier, score 100) — queued 2026-03-03T07:17:48.934Z
  - Unknown Card (S-tier, score 93) — queued 2026-03-03T07:17:49.904Z
  - Unknown Card (A-tier, score 92) — queued 2026-03-03T07:17:50.897Z
  - Unknown Card (A-tier, score 92) — queued 2026-03-03T07:17:51.856Z
  - Unknown Card (A-tier, score 100) — queued 2026-03-03T07:17:52.839Z
  - Unknown Card (A-tier, score 92) — queued 2026-03-03T07:17:53.821Z
  - Unknown Card (A-tier, score 92) — queued 2026-03-03T07:17:54.936Z
  - Unknown Card (A-tier, score 85) — queued 2026-03-03T07:17:55.919Z
  - Unknown Card (A-tier, score 80) — queued 2026-03-03T07:17:56.870Z
  - Unknown Card (S-tier, score 85) — queued 2026-03-24T07:18:58.593Z
[dispatcher] 🚀 Free Tier Dispatcher starting — 27.3.2026, 09:00:00
[dispatcher] 📊 Queue: 2 pending | 14 due | 0 sent | 16 total queued
[dispatcher] 📤 14 alert(s) ready to dispatch
[dispatcher] ⚠️  TELEGRAM_CHANNEL_FREE not set. Set the env var to enable free channel posting.
[dispatcher] 📋 Would have sent: 14 alerts
  - Unknown Card (S-tier, score 85) — queued 2026-03-03T07:17:44.770Z
  - Unknown Card (S-tier, score 85) — queued 2026-03-03T07:17:45.751Z
  - Unknown Card (S-tier, score 100) — queued 2026-03-03T07:17:46.696Z
  - Unknown Card (S-tier, score 100) — queued 2026-03-03T07:17:47.933Z
  - Unknown Card (S-tier, score 100) — queued 2026-03-03T07:17:48.934Z
  - Unknown Card (S-tier, score 93) — queued 2026-03-03T07:17:49.904Z
  - Unknown Card (A-tier, score 92) — queued 2026-03-03T07:17:50.897Z
  - Unknown Card (A-tier, score 92) — queued 2026-03-03T07:17:51.856Z
  - Unknown Card (A-tier, score 100) — queued 2026-03-03T07:17:52.839Z
  - Unknown Card (A-tier, score 92) — queued 2026-03-03T07:17:53.821Z
  - Unknown Card (A-tier, score 92) — queued 2026-03-03T07:17:54.936Z
  - Unknown Card (A-tier, score 85) — queued 2026-03-03T07:17:55.919Z
  - Unknown Card (A-tier, score 80) — queued 2026-03-03T07:17:56.870Z
  - Unknown Card (S-tier, score 85) — queued 2026-03-24T07:18:58.593Z
[dispatcher] 🚀 Free Tier Dispatcher starting — 27.3.2026, 10:00:00
[dispatcher] 📊 Queue: 2 pending | 14 due | 0 sent | 16 total queued
[dispatcher] 📤 14 alert(s) ready to dispatch
[dispatcher] ⚠️  TELEGRAM_CHANNEL_FREE not set. Set the env var to enable free channel posting.
[dispatcher] 📋 Would have sent: 14 alerts
  - Unknown Card (S-tier, score 85) — queued 2026-03-03T07:17:44.770Z
  - Unknown Card (S-tier, score 85) — queued 2026-03-03T07:17:45.751Z
  - Unknown Card (S-tier, score 100) — queued 2026-03-03T07:17:46.696Z
  - Unknown Card (S-tier, score 100) — queued 2026-03-03T07:17:47.933Z
  - Unknown Card (S-tier, score 100) — queued 2026-03-03T07:17:48.934Z
  - Unknown Card (S-tier, score 93) — queued 2026-03-03T07:17:49.904Z
  - Unknown Card (A-tier, score 92) — queued 2026-03-03T07:17:50.897Z
  - Unknown Card (A-tier, score 92) — queued 2026-03-03T07:17:51.856Z
  - Unknown Card (A-tier, score 100) — queued 2026-03-03T07:17:52.839Z
  - Unknown Card (A-tier, score 92) — queued 2026-03-03T07:17:53.821Z
  - Unknown Card (A-tier, score 92) — queued 2026-03-03T07:17:54.936Z
  - Unknown Card (A-tier, score 85) — queued 2026-03-03T07:17:55.919Z
  - Unknown Card (A-tier, score 80) — queued 2026-03-03T07:17:56.870Z
  - Unknown Card (S-tier, score 85) — queued 2026-03-24T07:18:58.593Z
[dispatcher] 🚀 Free Tier Dispatcher starting — 27.3.2026, 11:00:01
[dispatcher] 📊 Queue: 2 pending | 14 due | 0 sent | 16 total queued
[dispatcher] 📤 14 alert(s) ready to dispatch
[dispatcher] ⚠️  TELEGRAM_CHANNEL_FREE not set. Set the env var to enable free channel posting.
[dispatcher] 📋 Would have sent: 14 alerts
  - Unknown Card (S-tier, score 85) — queued 2026-03-03T07:17:44.770Z
  - Unknown Card (S-tier, score 85) — queued 2026-03-03T07:17:45.751Z
  - Unknown Card (S-tier, score 100) — queued 2026-03-03T07:17:46.696Z
  - Unknown Card (S-tier, score 100) — queued 2026-03-03T07:17:47.933Z
  - Unknown Card (S-tier, score 100) — queued 2026-03-03T07:17:48.934Z
  - Unknown Card (S-tier, score 93) — queued 2026-03-03T07:17:49.904Z
  - Unknown Card (A-tier, score 92) — queued 2026-03-03T07:17:50.897Z
  - Unknown Card (A-tier, score 92) — queued 2026-03-03T07:17:51.856Z
  - Unknown Card (A-tier, score 100) — queued 2026-03-03T07:17:52.839Z
  - Unknown Card (A-tier, score 92) — queued 2026-03-03T07:17:53.821Z
  - Unknown Card (A-tier, score 92) — queued 2026-03-03T07:17:54.936Z
  - Unknown Card (A-tier, score 85) — queued 2026-03-03T07:17:55.919Z
  - Unknown Card (A-tier, score 80) — queued 2026-03-03T07:17:56.870Z
  - Unknown Card (S-tier, score 85) — queued 2026-03-24T07:18:58.593Z
[dispatcher] 🚀 Free Tier Dispatcher starting — 27.3.2026, 17:00:00
[dispatcher] 📊 Queue: 2 pending | 14 due | 0 sent | 16 total queued
[dispatcher] 📤 14 alert(s) ready to dispatch
[dispatcher] ⚠️  TELEGRAM_CHANNEL_FREE not set. Set the env var to enable free channel posting.
[dispatcher] 📋 Would have sent: 14 alerts
  - Unknown Card (S-tier, score 85) — queued 2026-03-03T07:17:44.770Z
  - Unknown Card (S-tier, score 85) — queued 2026-03-03T07:17:45.751Z
  - Unknown Card (S-tier, score 100) — queued 2026-03-03T07:17:46.696Z
  - Unknown Card (S-tier, score 100) — queued 2026-03-03T07:17:47.933Z
  - Unknown Card (S-tier, score 100) — queued 2026-03-03T07:17:48.934Z
  - Unknown Card (S-tier, score 93) — queued 2026-03-03T07:17:49.904Z
  - Unknown Card (A-tier, score 92) — queued 2026-03-03T07:17:50.897Z
  - Unknown Card (A-tier, score 92) — queued 2026-03-03T07:17:51.856Z
  - Unknown Card (A-tier, score 100) — queued 2026-03-03T07:17:52.839Z
  - Unknown Card (A-tier, score 92) — queued 2026-03-03T07:17:53.821Z
  - Unknown Card (A-tier, score 92) — queued 2026-03-03T07:17:54.936Z
  - Unknown Card (A-tier, score 85) — queued 2026-03-03T07:17:55.919Z
  - Unknown Card (A-tier, score 80) — queued 2026-03-03T07:17:56.870Z
  - Unknown Card (S-tier, score 85) — queued 2026-03-24T07:18:58.593Z
[dispatcher] 🚀 Free Tier Dispatcher starting — 27.3.2026, 18:00:00
[dispatcher] 📊 Queue: 2 pending | 14 due | 0 sent | 16 total queued
[dispatcher] 📤 14 alert(s) ready to dispatch
[dispatcher] ⚠️  TELEGRAM_CHANNEL_FREE not set. Set the env var to enable free channel posting.
[dispatcher] 📋 Would have sent: 14 alerts
  - Unknown Card (S-tier, score 85) — queued 2026-03-03T07:17:44.770Z
  - Unknown Card (S-tier, score 85) — queued 2026-03-03T07:17:45.751Z
  - Unknown Card (S-tier, score 100) — queued 2026-03-03T07:17:46.696Z
  - Unknown Card (S-tier, score 100) — queued 2026-03-03T07:17:47.933Z
  - Unknown Card (S-tier, score 100) — queued 2026-03-03T07:17:48.934Z
  - Unknown Card (S-tier, score 93) — queued 2026-03-03T07:17:49.904Z
  - Unknown Card (A-tier, score 92) — queued 2026-03-03T07:17:50.897Z
  - Unknown Card (A-tier, score 92) — queued 2026-03-03T07:17:51.856Z
  - Unknown Card (A-tier, score 100) — queued 2026-03-03T07:17:52.839Z
  - Unknown Card (A-tier, score 92) — queued 2026-03-03T07:17:53.821Z
  - Unknown Card (A-tier, score 92) — queued 2026-03-03T07:17:54.936Z
  - Unknown Card (A-tier, score 85) — queued 2026-03-03T07:17:55.919Z
  - Unknown Card (A-tier, score 80) — queued 2026-03-03T07:17:56.870Z
  - Unknown Card (S-tier, score 85) — queued 2026-03-24T07:18:58.593Z
[dispatcher] 🚀 Free Tier Dispatcher starting — 27.3.2026, 19:00:00
[dispatcher] 📊 Queue: 2 pending | 14 due | 0 sent | 16 total queued
[dispatcher] 📤 14 alert(s) ready to dispatch
[dispatcher] ⚠️  TELEGRAM_CHANNEL_FREE not set. Set the env var to enable free channel posting.
[dispatcher] 📋 Would have sent: 14 alerts
  - Unknown Card (S-tier, score 85) — queued 2026-03-03T07:17:44.770Z
  - Unknown Card (S-tier, score 85) — queued 2026-03-03T07:17:45.751Z
  - Unknown Card (S-tier, score 100) — queued 2026-03-03T07:17:46.696Z
  - Unknown Card (S-tier, score 100) — queued 2026-03-03T07:17:47.933Z
  - Unknown Card (S-tier, score 100) — queued 2026-03-03T07:17:48.934Z
  - Unknown Card (S-tier, score 93) — queued 2026-03-03T07:17:49.904Z
  - Unknown Card (A-tier, score 92) — queued 2026-03-03T07:17:50.897Z
  - Unknown Card (A-tier, score 92) — queued 2026-03-03T07:17:51.856Z
  - Unknown Card (A-tier, score 100) — queued 2026-03-03T07:17:52.839Z
  - Unknown Card (A-tier, score 92) — queued 2026-03-03T07:17:53.821Z
  - Unknown Card (A-tier, score 92) — queued 2026-03-03T07:17:54.936Z
  - Unknown Card (A-tier, score 85) — queued 2026-03-03T07:17:55.919Z
  - Unknown Card (A-tier, score 80) — queued 2026-03-03T07:17:56.870Z
  - Unknown Card (S-tier, score 85) — queued 2026-03-24T07:18:58.593Z
[dispatcher] 🚀 Free Tier Dispatcher starting — 27.3.2026, 20:00:00
[dispatcher] 📊 Queue: 2 pending | 14 due | 0 sent | 16 total queued
[dispatcher] 📤 14 alert(s) ready to dispatch
[dispatcher] ⚠️  TELEGRAM_CHANNEL_FREE not set. Set the env var to enable free channel posting.
[dispatcher] 📋 Would have sent: 14 alerts
  - Unknown Card (S-tier, score 85) — queued 2026-03-03T07:17:44.770Z
  - Unknown Card (S-tier, score 85) — queued 2026-03-03T07:17:45.751Z
  - Unknown Card (S-tier, score 100) — queued 2026-03-03T07:17:46.696Z
  - Unknown Card (S-tier, score 100) — queued 2026-03-03T07:17:47.933Z
  - Unknown Card (S-tier, score 100) — queued 2026-03-03T07:17:48.934Z
  - Unknown Card (S-tier, score 93) — queued 2026-03-03T07:17:49.904Z
  - Unknown Card (A-tier, score 92) — queued 2026-03-03T07:17:50.897Z
  - Unknown Card (A-tier, score 92) — queued 2026-03-03T07:17:51.856Z
  - Unknown Card (A-tier, score 100) — queued 2026-03-03T07:17:52.839Z
  - Unknown Card (A-tier, score 92) — queued 2026-03-03T07:17:53.821Z
  - Unknown Card (A-tier, score 92) — queued 2026-03-03T07:17:54.936Z
  - Unknown Card (A-tier, score 85) — queued 2026-03-03T07:17:55.919Z
  - Unknown Card (A-tier, score 80) — queued 2026-03-03T07:17:56.870Z
  - Unknown Card (S-tier, score 85) — queued 2026-03-24T07:18:58.593Z
[dispatcher] 🚀 Free Tier Dispatcher starting — 27.3.2026, 21:00:00
[dispatcher] 📊 Queue: 2 pending | 14 due | 0 sent | 16 total queued
[dispatcher] 📤 14 alert(s) ready to dispatch
[dispatcher] ⚠️  TELEGRAM_CHANNEL_FREE not set. Set the env var to enable free channel posting.
[dispatcher] 📋 Would have sent: 14 alerts
  - Unknown Card (S-tier, score 85) — queued 2026-03-03T07:17:44.770Z
  - Unknown Card (S-tier, score 85) — queued 2026-03-03T07:17:45.751Z
  - Unknown Card (S-tier, score 100) — queued 2026-03-03T07:17:46.696Z
  - Unknown Card (S-tier, score 100) — queued 2026-03-03T07:17:47.933Z
  - Unknown Card (S-tier, score 100) — queued 2026-03-03T07:17:48.934Z
  - Unknown Card (S-tier, score 93) — queued 2026-03-03T07:17:49.904Z
  - Unknown Card (A-tier, score 92) — queued 2026-03-03T07:17:50.897Z
  - Unknown Card (A-tier, score 92) — queued 2026-03-03T07:17:51.856Z
  - Unknown Card (A-tier, score 100) — queued 2026-03-03T07:17:52.839Z
  - Unknown Card (A-tier, score 92) — queued 2026-03-03T07:17:53.821Z
  - Unknown Card (A-tier, score 92) — queued 2026-03-03T07:17:54.936Z
  - Unknown Card (A-tier, score 85) — queued 2026-03-03T07:17:55.919Z
  - Unknown Card (A-tier, score 80) — queued 2026-03-03T07:17:56.870Z
  - Unknown Card (S-tier, score 85) — queued 2026-03-24T07:18:58.593Z
[dispatcher] 🚀 Free Tier Dispatcher starting — 27.3.2026, 22:00:00
[dispatcher] 📊 Queue: 2 pending | 14 due | 0 sent | 16 total queued
[dispatcher] 📤 14 alert(s) ready to dispatch
[dispatcher] ⚠️  TELEGRAM_CHANNEL_FREE not set. Set the env var to enable free channel posting.
[dispatcher] 📋 Would have sent: 14 alerts
  - Unknown Card (S-tier, score 85) — queued 2026-03-03T07:17:44.770Z
  - Unknown Card (S-tier, score 85) — queued 2026-03-03T07:17:45.751Z
  - Unknown Card (S-tier, score 100) — queued 2026-03-03T07:17:46.696Z
  - Unknown Card (S-tier, score 100) — queued 2026-03-03T07:17:47.933Z
  - Unknown Card (S-tier, score 100) — queued 2026-03-03T07:17:48.934Z
  - Unknown Card (S-tier, score 93) — queued 2026-03-03T07:17:49.904Z
  - Unknown Card (A-tier, score 92) — queued 2026-03-03T07:17:50.897Z
  - Unknown Card (A-tier, score 92) — queued 2026-03-03T07:17:51.856Z
  - Unknown Card (A-tier, score 100) — queued 2026-03-03T07:17:52.839Z
  - Unknown Card (A-tier, score 92) — queued 2026-03-03T07:17:53.821Z
  - Unknown Card (A-tier, score 92) — queued 2026-03-03T07:17:54.936Z
  - Unknown Card (A-tier, score 85) — queued 2026-03-03T07:17:55.919Z
  - Unknown Card (A-tier, score 80) — queued 2026-03-03T07:17:56.870Z
  - Unknown Card (S-tier, score 85) — queued 2026-03-24T07:18:58.593Z
