📊 Outcome Tracker — Checking alert results...

Found 241 alerts to track.

45 unique listings to check.

  [1/45] Riftbound | 2025 RIFTBOUND ORIGINS SIGNATURE OVERNUMBER #303* ... active
  [2/45] Riftbound | 2025 RIFTBOUND ORIGINS LEAGUE OF LEGENDS SIGNATURE... active
  [3/45] Riftbound | 2025 RIFTBOUND ORIGINS SIGNATURE OVERNUMBER #303* ... active
  [4/45] Riftbound | 2025 Riftbound English Origins 309*/298 Miss Fortu... active
  [5/45] Riftbound | 2025 RIFTBOUND ORIGINS LEAGUE OF LEGENDS SIGNATURE... active
  [6/45] Riftbound | 2025 RIFTBOUND: LEAGUE OF LEGENDS OGN #299* KAI'SA... active
  [7/45] Riftbound | Jinx - Loose Cannon - Signature - 301*/298 - Riftb... active
  [8/45] Digimon | One Piece TCG Card Game Chinese Monkey D Luffy ST0... active
  [9/45] Dragon Ball | 2025 DRAGON BALL SUPER CARD  FUSION WORLD MANGA  #... active
  [10/45] Dragon Ball | 2025 DRAGON BALL SUPER CARD FUSION WORLD MANGA #FB... active
  [11/45] Yu-Gi-Oh | 2003 YU-GI-OH! MFC-MAGICIAN'S FORCE 1ST ED #000 DA... active
  [12/45] Riftbound | 2025 RIFTBOUND ORIGINS LEAGUE OF LEGENDS SIGNATURE... active
  [13/45] Riftbound | Ahri Nine-Tailed Fox 303 Overnumbered - PSA 10 LOW... active
  [14/45] Riftbound | 2025 RIFTBOUND: LEAGUE OF LEGENDS OGN #299* KAI'SA... active
  [15/45] Riftbound | 2025 Riftbound Origins Miss Fortune Bounty Hunter ... active
  [16/45] Riftbound | 2025 RIFTBOUND: LEAGUE OF LEGENDS OGN-ORIGINS #301... active
  [17/45] Riftbound | KARMA SIGNATURE Channeler Showcase Overnumber Rift... active
  [18/45] Union Arena | One Piece TCG Card Game Chinese Monkey D Luffy ST0... active
  [19/45] Dandadan (Weiß Schwarz) | 2025 POKEMON SIMPLIFIED CHINESE SV-P PROMO POKEMON... active
  [20/45] Dandadan (Weiß Schwarz) | 2025 Pokemon Simplified Chinese SV-P Promo Pokemon... active
  [21/45] Dandadan (Weiß Schwarz) | 2025 Pokemon Simplified Chinese SV-P Promo Pokemon... active
  [22/45] Dragon Ball | 2025 Dragon Ball Super Card Fusion World Manga #FB... active
  [23/45] Magic: The Gathering | 1993 Magic the Gathering Beta Black Lotus PSA 4... active
  [24/45] Pokémon | 2012 Pokemon Rayquaza EX Promo bw6 release #051-P ... active
  [25/45] Pokémon | 2025 Pokemon Simplified Chinese SV-P Promo Pokemon... active
  [26/45] Riftbound | 2025 RIFTBOUND ORIGINS LEAGUE OF LEGENDS SIGNATURE... active
  [27/45] Dandadan (Weiß Schwarz) | 2025 POKEMON SIMPLIFIED CHINESE SV-P PROMO POKEMON... active
  [28/45] Riftbound | 2025 RIFTBOUND ORIGINS SIGNATURE OVERNUMBER #303* ... active
  [29/45] Riftbound | Ahri Nine-Tailed Fox 303 Overnumbered - PSA 10 LOW... active
  [30/45] Riftbound | 2025 Riftbound Origins Miss Fortune Bounty Hunter ... active
  [31/45] Riftbound | 2025 RIFTBOUND: LEAGUE OF LEGENDS OGN-ORIGINS #301... active
  [32/45] Dragon Ball | Dragon Ball Fusion World FB04-012 Son Goku (Mini) ... active
  [33/45] Yu-Gi-Oh | Yu-Gi-Oh! Blue-Eyes White Dragon Starter Deck 1st ... active
  [34/45] Yu-Gi-Oh | Yu-Gi-Oh! Blue-Eyes White Dragon Legend of Blue Ey... active
  [35/45] Yu-Gi-Oh | Yu-Gi-Oh! Blue-Eyes White Dragon Legend of Blue Ey... active
  [36/45] Lorcana | TOP 16 ENCHANTED FOIL KUZCO LORCANA CHAMPIONSHIP P... active
  [37/45] Pokémon | 2002 POKEMON LEGENDARY COLLECTION #3 CHARIZARD-REV... active
  [38/45] Yu-Gi-Oh | 2003 YU-GI-OH! MFC-MAGICIAN'S FORCE 1ST ED #000 DA... active
  [39/45] Pokémon | Pokemon Cards Collection Reserved... active
  [40/45] Riftbound | 2025 RIFTBOUND: LEAGUE OF LEGENDS OGN #299* KAI'SA... active
  [41/45] Pokémon | One Piece TCG OP05 Monkey D. Luffy ST01-012 SR Oda... active
  [42/45] Pokémon | New Listing2002 POKEMON LEGEND COLL #3 CHARIZARD-R... active

──────────────────────────────────────────────────
📊 OUTCOME SUMMARY
──────────────────────────────────────────────────
Total tracked:     36
Active:            42
Sold:              0
Expired/Removed:   0
Errors:            0
Avg Paper ROI:     86%
Total Paper Profit: $309,143
──────────────────────────────────────────────────

✅ Outcomes synced to vault-dashboard

✅ Done. Results saved to /Users/mikel/.openclaw/workspace/scripts/yugioh-monitor/outcomes.json
📊 Outcome Tracker — Checking alert results...

Found 251 alerts to track.

46 unique listings to check.

  [1/46] Digimon | One Piece TCG Card Game Chinese Monkey D Luffy ST0... active
  [2/46] Dandadan (Weiß Schwarz) | 2025 Pokemon Simplified Chinese SV-P Promo Pokemon... active
  [3/46] Dandadan (Weiß Schwarz) | 2025 Pokemon Simplified Chinese SV-P Promo Pokemon... active
  [4/46] Dandadan (Weiß Schwarz) | 2025 Pokemon Simplified Chinese SV-P Promo Pokemon... active
  [5/46] Dandadan (Weiß Schwarz) | 2025 Pokemon Simplified Chinese SV-P Promo Pokemon... active
  [6/46] Dragon Ball | 2025 Dragon Ball Super Card Fusion World Manga #FB... active
  [7/46] Magic: The Gathering | 1993 Magic the Gathering Beta Black Lotus PSA 4... active
  [8/46] Yu-Gi-Oh | Yu-Gi-Oh 2003! MFC-MAGICIAN'S FORCE 1ST ED #000 DA... active
  [9/46] Riftbound | 2025 RIFTBOUND ORIGINS SIGNATURE OVERNUMBER #303* ... active
  [10/46] Riftbound | 2025 RIFTBOUND ORIGINS LEAGUE OF LEGENDS SIGNATURE... active
  [11/46] Riftbound | 2025 RIFTBOUND ORIGINS SIGNATURE OVERNUMBER #303* ... active
  [12/46] Riftbound | 2025 Riftbound English Origins 309*/298 Miss Fortu... removed
  [13/46] Riftbound | 2025 RIFTBOUND ORIGINS LEAGUE OF LEGENDS SIGNATURE... active
  [14/46] Riftbound | 2025 RIFTBOUND: LEAGUE OF LEGENDS OGN #299* KAI'SA... active
  [15/46] Riftbound | Jinx - Loose Cannon - Signature - 301*/298 - Riftb... active
  [16/46] Digimon | One Piece TCG Card Game Chinese Monkey D Luffy ST0... active
  [17/46] Dragon Ball | 2025 DRAGON BALL SUPER CARD  FUSION WORLD MANGA  #... active
  [18/46] Dragon Ball | 2025 DRAGON BALL SUPER CARD FUSION WORLD MANGA #FB... active
  [19/46] Yu-Gi-Oh | 2003 YU-GI-OH! MFC-MAGICIAN'S FORCE 1ST ED #000 DA... active
  [20/46] Riftbound | 2025 RIFTBOUND ORIGINS LEAGUE OF LEGENDS SIGNATURE... active
  [21/46] Riftbound | Ahri Nine-Tailed Fox 303 Overnumbered - PSA 10 LOW... active
  [22/46] Riftbound | 2025 RIFTBOUND: LEAGUE OF LEGENDS OGN #299* KAI'SA... active
  [23/46] Riftbound | 2025 Riftbound Origins Miss Fortune Bounty Hunter ... active
  [24/46] Riftbound | 2025 RIFTBOUND: LEAGUE OF LEGENDS OGN-ORIGINS #301... active
  [25/46] Riftbound | KARMA SIGNATURE Channeler Showcase Overnumber Rift... active
  [26/46] Pokémon | 2012 Pokemon Rayquaza EX Promo bw6 release #051-P ... active
  [27/46] Pokémon | 2025 Pokemon Simplified Chinese SV-P Promo Pokemon... active
  [28/46] Riftbound | 2025 RIFTBOUND ORIGINS LEAGUE OF LEGENDS SIGNATURE... active
  [29/46] Riftbound | 2025 RIFTBOUND ORIGINS SIGNATURE OVERNUMBER #303* ... active
  [30/46] Riftbound | Ahri Nine-Tailed Fox 303 Overnumbered - PSA 10 LOW... active
  [31/46] Riftbound | 2025 Riftbound Origins Miss Fortune Bounty Hunter ... active
  [32/46] Riftbound | 2025 RIFTBOUND: LEAGUE OF LEGENDS OGN-ORIGINS #301... active
  [33/46] Dragon Ball | Dragon Ball Fusion World FB04-012 Son Goku (Mini) ... active
  [34/46] Yu-Gi-Oh | Yu-Gi-Oh! Blue-Eyes White Dragon Starter Deck 1st ... active
  [35/46] Yu-Gi-Oh | Yu-Gi-Oh! Blue-Eyes White Dragon Legend of Blue Ey... active
  [36/46] Yu-Gi-Oh | Yu-Gi-Oh! Blue-Eyes White Dragon Legend of Blue Ey... active
  [37/46] Lorcana | TOP 16 ENCHANTED FOIL KUZCO LORCANA CHAMPIONSHIP P... active
  [38/46] Pokémon | 2002 POKEMON LEGENDARY COLLECTION #3 CHARIZARD-REV... active
  [39/46] Yu-Gi-Oh | 2003 YU-GI-OH! MFC-MAGICIAN'S FORCE 1ST ED #000 DA... active
  [40/46] Pokémon | Pokemon Cards Collection Reserved... active
  [41/46] Riftbound | 2025 RIFTBOUND: LEAGUE OF LEGENDS OGN #299* KAI'SA... active
  [42/46] Pokémon | One Piece TCG OP05 Monkey D. Luffy ST01-012 SR Oda... active
  [43/46] Pokémon | New Listing2002 POKEMON LEGEND COLL #3 CHARIZARD-R... active

──────────────────────────────────────────────────
📊 OUTCOME SUMMARY
──────────────────────────────────────────────────
Total tracked:     37
Active:            42
Sold:              0
Expired/Removed:   1
Errors:            0
Avg Paper ROI:     86%
Total Paper Profit: $322,873
──────────────────────────────────────────────────

✅ Outcomes synced to vault-dashboard

✅ Done. Results saved to /Users/mikel/.openclaw/workspace/scripts/yugioh-monitor/outcomes.json
