===== 2026-03-04 04:03 Europe/Berlin =====
ENV_SET=0
Found in .env: TELEGRAM_CHANNEL_FREE (line 7, currently blank/optional)
[dispatcher] 🚀 Free Tier Dispatcher starting — 4.3.2026, 04:03:26
[dispatcher] 📊 Queue: 13 pending | 0 due | 0 sent | 13 total queued
[dispatcher] ✅ No alerts due for sending. Queue is clean.

===== 2026-03-04 05:03:25 CET =====
ENV_STATUS=not_set
found in .env files: 7:TELEGRAM_CHANNEL_FREE=                 # Optional: public free/teaser channel ID
[dispatcher] 🚀 Free Tier Dispatcher starting — 4.3.2026, 05:03:26
[dispatcher] 📊 Queue: 13 pending | 0 due | 0 sent | 13 total queued
[dispatcher] ✅ No alerts due for sending. Queue is clean.

===== 2026-03-04 06:03:26 CET =====
ENV_STATUS=not_set
found in .env files: 7:TELEGRAM_CHANNEL_FREE=                 # Optional: public free/teaser channel ID
[dispatcher] 🚀 Free Tier Dispatcher starting — 4.3.2026, 06:03:26
[dispatcher] 📊 Queue: 13 pending | 0 due | 0 sent | 13 total queued
[dispatcher] ✅ No alerts due for sending. Queue is clean.

===== 2026-03-04 07:03:26 CET =====
ENV_STATUS=not_set
found in .env files: 7:TELEGRAM_CHANNEL_FREE=                 # Optional: public free/teaser channel ID
[dispatcher] 🚀 Free Tier Dispatcher starting — 4.3.2026, 07:03:26
[dispatcher] 📊 Queue: 13 pending | 0 due | 0 sent | 13 total queued
[dispatcher] ✅ No alerts due for sending. Queue is clean.

===== 2026-03-04 08:03:26 CET =====
ENV_STATUS=not_set
found in .env files: 7:TELEGRAM_CHANNEL_FREE=                 # Optional: public free/teaser channel ID
[dispatcher] 🚀 Free Tier Dispatcher starting — 4.3.2026, 08:03:27
[dispatcher] 📊 Queue: 13 pending | 0 due | 0 sent | 13 total queued
[dispatcher] ✅ No alerts due for sending. Queue is clean.

===== 2026-03-04 09:03:25 CET =====
ENV_STATUS=not_set
found in .env files: 7:TELEGRAM_CHANNEL_FREE=                 # Optional: public free/teaser channel ID
[dispatcher] 🚀 Free Tier Dispatcher starting — 4.3.2026, 09:03:25
[dispatcher] 📊 Queue: 13 pending | 0 due | 0 sent | 13 total queued
[dispatcher] ✅ No alerts due for sending. Queue is clean.

===== 2026-03-04 10:03:25 CET =====
ENV_STATUS=not_set
found in .env files: 7:TELEGRAM_CHANNEL_FREE=                 # Optional: public free/teaser channel ID
[dispatcher] 🚀 Free Tier Dispatcher starting — 4.3.2026, 10:03:26
[dispatcher] 📊 Queue: 13 pending | 0 due | 0 sent | 13 total queued
[dispatcher] ✅ No alerts due for sending. Queue is clean.

===== 2026-03-04 11:03:25 CET =====
ENV_STATUS=not_set
found in .env files: 7:TELEGRAM_CHANNEL_FREE=                 # Optional: public free/teaser channel ID
[dispatcher] 🚀 Free Tier Dispatcher starting — 4.3.2026, 11:03:25
[dispatcher] 📊 Queue: 13 pending | 0 due | 0 sent | 13 total queued
[dispatcher] ✅ No alerts due for sending. Queue is clean.

===== 2026-03-04 12:27:57 CET =====
ENV_STATUS=not_set
found in .env files: 7:TELEGRAM_CHANNEL_FREE=                 # Optional: public free/teaser channel ID
[dispatcher] 🚀 Free Tier Dispatcher starting — 4.3.2026, 12:27:58
[dispatcher] 📊 Queue: 13 pending | 0 due | 0 sent | 13 total queued
[dispatcher] ✅ No alerts due for sending. Queue is clean.

===== 2026-03-04 14:15:26 CET =====
ENV_STATUS=not_set
found in .env files: 7:TELEGRAM_CHANNEL_FREE=                 # Optional: public free/teaser channel ID
[dispatcher] 🚀 Free Tier Dispatcher starting — 4.3.2026, 14:15:26
[dispatcher] 📊 Queue: 13 pending | 0 due | 0 sent | 13 total queued
[dispatcher] ✅ No alerts due for sending. Queue is clean.

===== 2026-03-04 15:22:42 CET =====
ENV_STATUS=not_set
found in .env files: 7:TELEGRAM_CHANNEL_FREE=                 # Optional: public free/teaser channel ID
[dispatcher] 🚀 Free Tier Dispatcher starting — 4.3.2026, 15:22:43
[dispatcher] 📊 Queue: 13 pending | 0 due | 0 sent | 13 total queued
[dispatcher] ✅ No alerts due for sending. Queue is clean.

===== 2026-03-04 16:23:56 CET =====
ENV_STATUS=not_set
found in .env files: 7:TELEGRAM_CHANNEL_FREE=                 # Optional: public free/teaser channel ID
[dispatcher] 🚀 Free Tier Dispatcher starting — 4.3.2026, 16:23:56
[dispatcher] 📊 Queue: 13 pending | 0 due | 0 sent | 13 total queued
[dispatcher] ✅ No alerts due for sending. Queue is clean.

===== 2026-03-04 17:24:46 CET =====
ENV_STATUS=not_set
found in .env files: 7:TELEGRAM_CHANNEL_FREE=                 # Optional: public free/teaser channel ID
[dispatcher] 🚀 Free Tier Dispatcher starting — 4.3.2026, 17:24:47
[dispatcher] 📊 Queue: 13 pending | 0 due | 0 sent | 13 total queued
[dispatcher] ✅ No alerts due for sending. Queue is clean.

===== 2026-03-04 18:25:48 CET =====
ENV_STATUS=not_set
found in .env files: 7:TELEGRAM_CHANNEL_FREE=                 # Optional: public free/teaser channel ID
[dispatcher] 🚀 Free Tier Dispatcher starting — 4.3.2026, 18:25:48
[dispatcher] 📊 Queue: 13 pending | 0 due | 0 sent | 13 total queued
[dispatcher] ✅ No alerts due for sending. Queue is clean.

===== 2026-03-04 19:20:01 CET =====
ENV_STATUS=not_set
found in .env files: 7:TELEGRAM_CHANNEL_FREE=                 # Optional: public free/teaser channel ID
[dispatcher] 🚀 Free Tier Dispatcher starting — 4.3.2026, 19:20:02
[dispatcher] 📊 Queue: 13 pending | 0 due | 0 sent | 13 total queued
[dispatcher] ✅ No alerts due for sending. Queue is clean.

===== 2026-03-04 20:14:41 CET =====
ENV_STATUS=not_set
found in .env files: 7:TELEGRAM_CHANNEL_FREE=                 # Optional: public free/teaser channel ID
[dispatcher] 🚀 Free Tier Dispatcher starting — 4.3.2026, 20:14:42
[dispatcher] 📊 Queue: 13 pending | 0 due | 0 sent | 13 total queued
[dispatcher] ✅ No alerts due for sending. Queue is clean.

===== 2026-03-04 21:10:35 CET =====
ENV_STATUS=not_set
found in .env files: 7:TELEGRAM_CHANNEL_FREE=                 # Optional: public free/teaser channel ID
[dispatcher] 🚀 Free Tier Dispatcher starting — 4.3.2026, 21:10:35
[dispatcher] 📊 Queue: 13 pending | 0 due | 0 sent | 13 total queued
[dispatcher] ✅ No alerts due for sending. Queue is clean.

===== 2026-03-04 22:06:09 CET =====
ENV_STATUS=not_set
found in .env files: 7:TELEGRAM_CHANNEL_FREE=                 # Optional: public free/teaser channel ID
[dispatcher] 🚀 Free Tier Dispatcher starting — 4.3.2026, 22:06:10
[dispatcher] 📊 Queue: 13 pending | 0 due | 0 sent | 13 total queued
[dispatcher] ✅ No alerts due for sending. Queue is clean.

===== 2026-03-04 23:30:01 CET =====
ENV_STATUS=not_set
found in .env files: 7:TELEGRAM_CHANNEL_FREE=                 # Optional: public free/teaser channel ID
[dispatcher] 🚀 Free Tier Dispatcher starting — 4.3.2026, 23:30:02
[dispatcher] 📊 Queue: 13 pending | 0 due | 0 sent | 13 total queued
[dispatcher] ✅ No alerts due for sending. Queue is clean.

===== 2026-03-05 00:03:26 CET =====
ENV_STATUS=not_set
found in .env files: 7:TELEGRAM_CHANNEL_FREE=                 # Optional: public free/teaser channel ID
[dispatcher] 🚀 Free Tier Dispatcher starting — 5.3.2026, 00:03:26
[dispatcher] 📊 Queue: 13 pending | 0 due | 0 sent | 13 total queued
[dispatcher] ✅ No alerts due for sending. Queue is clean.

===== 2026-03-05 01:03:25 CET =====
ENV_STATUS=not_set
found in .env files: 7:TELEGRAM_CHANNEL_FREE=                 # Optional: public free/teaser channel ID
[dispatcher] 🚀 Free Tier Dispatcher starting — 5.3.2026, 01:03:26
[dispatcher] 📊 Queue: 13 pending | 0 due | 0 sent | 13 total queued
[dispatcher] ✅ No alerts due for sending. Queue is clean.

===== 2026-03-05 02:10:05 CET =====
ENV_STATUS=not_set
found in .env files: 7:TELEGRAM_CHANNEL_FREE=                 # Optional: public free/teaser channel ID
[dispatcher] 🚀 Free Tier Dispatcher starting — 5.3.2026, 02:10:06
[dispatcher] 📊 Queue: 13 pending | 0 due | 0 sent | 13 total queued
[dispatcher] ✅ No alerts due for sending. Queue is clean.

[dispatcher] 🚀 Free Tier Dispatcher starting — 8.3.2026, 08:22:05
[dispatcher] 📊 Queue: 0 pending | 13 due | 0 sent | 13 total queued
[dispatcher] 📤 13 alert(s) ready to dispatch
[dispatcher] ⚠️  TELEGRAM_CHANNEL_FREE not set. Set the env var to enable free channel posting.
[dispatcher] 📋 Would have sent: 13 alerts
  - Unknown Card (S-tier, score 85) — queued 2026-03-03T07:17:44.770Z
  - Unknown Card (S-tier, score 85) — queued 2026-03-03T07:17:45.751Z
  - Unknown Card (S-tier, score 100) — queued 2026-03-03T07:17:46.696Z
  - Unknown Card (S-tier, score 100) — queued 2026-03-03T07:17:47.933Z
  - Unknown Card (S-tier, score 100) — queued 2026-03-03T07:17:48.934Z
  - Unknown Card (S-tier, score 93) — queued 2026-03-03T07:17:49.904Z
  - Unknown Card (A-tier, score 92) — queued 2026-03-03T07:17:50.897Z
  - Unknown Card (A-tier, score 92) — queued 2026-03-03T07:17:51.856Z
  - Unknown Card (A-tier, score 100) — queued 2026-03-03T07:17:52.839Z
  - Unknown Card (A-tier, score 92) — queued 2026-03-03T07:17:53.821Z
  - Unknown Card (A-tier, score 92) — queued 2026-03-03T07:17:54.936Z
  - Unknown Card (A-tier, score 85) — queued 2026-03-03T07:17:55.919Z
  - Unknown Card (A-tier, score 80) — queued 2026-03-03T07:17:56.870Z
[dispatcher] 🚀 Free Tier Dispatcher starting — 8.3.2026, 10:22:45
[dispatcher] 📊 Queue: 0 pending | 13 due | 0 sent | 13 total queued
[dispatcher] 📤 13 alert(s) ready to dispatch
[dispatcher] ⚠️  TELEGRAM_CHANNEL_FREE not set. Set the env var to enable free channel posting.
[dispatcher] 📋 Would have sent: 13 alerts
  - Unknown Card (S-tier, score 85) — queued 2026-03-03T07:17:44.770Z
  - Unknown Card (S-tier, score 85) — queued 2026-03-03T07:17:45.751Z
  - Unknown Card (S-tier, score 100) — queued 2026-03-03T07:17:46.696Z
  - Unknown Card (S-tier, score 100) — queued 2026-03-03T07:17:47.933Z
  - Unknown Card (S-tier, score 100) — queued 2026-03-03T07:17:48.934Z
  - Unknown Card (S-tier, score 93) — queued 2026-03-03T07:17:49.904Z
  - Unknown Card (A-tier, score 92) — queued 2026-03-03T07:17:50.897Z
  - Unknown Card (A-tier, score 92) — queued 2026-03-03T07:17:51.856Z
  - Unknown Card (A-tier, score 100) — queued 2026-03-03T07:17:52.839Z
  - Unknown Card (A-tier, score 92) — queued 2026-03-03T07:17:53.821Z
  - Unknown Card (A-tier, score 92) — queued 2026-03-03T07:17:54.936Z
  - Unknown Card (A-tier, score 85) — queued 2026-03-03T07:17:55.919Z
  - Unknown Card (A-tier, score 80) — queued 2026-03-03T07:17:56.870Z
[dispatcher] 🚀 Free Tier Dispatcher starting — 8.3.2026, 11:23:53
[dispatcher] 📊 Queue: 0 pending | 13 due | 0 sent | 13 total queued
[dispatcher] 📤 13 alert(s) ready to dispatch
[dispatcher] ⚠️  TELEGRAM_CHANNEL_FREE not set. Set the env var to enable free channel posting.
[dispatcher] 📋 Would have sent: 13 alerts
  - Unknown Card (S-tier, score 85) — queued 2026-03-03T07:17:44.770Z
  - Unknown Card (S-tier, score 85) — queued 2026-03-03T07:17:45.751Z
  - Unknown Card (S-tier, score 100) — queued 2026-03-03T07:17:46.696Z
  - Unknown Card (S-tier, score 100) — queued 2026-03-03T07:17:47.933Z
  - Unknown Card (S-tier, score 100) — queued 2026-03-03T07:17:48.934Z
  - Unknown Card (S-tier, score 93) — queued 2026-03-03T07:17:49.904Z
  - Unknown Card (A-tier, score 92) — queued 2026-03-03T07:17:50.897Z
  - Unknown Card (A-tier, score 92) — queued 2026-03-03T07:17:51.856Z
  - Unknown Card (A-tier, score 100) — queued 2026-03-03T07:17:52.839Z
  - Unknown Card (A-tier, score 92) — queued 2026-03-03T07:17:53.821Z
  - Unknown Card (A-tier, score 92) — queued 2026-03-03T07:17:54.936Z
  - Unknown Card (A-tier, score 85) — queued 2026-03-03T07:17:55.919Z
  - Unknown Card (A-tier, score 80) — queued 2026-03-03T07:17:56.870Z
[dispatcher] 🚀 Free Tier Dispatcher starting — 8.3.2026, 12:25:30
[dispatcher] 📊 Queue: 0 pending | 13 due | 0 sent | 13 total queued
[dispatcher] 📤 13 alert(s) ready to dispatch
[dispatcher] ⚠️  TELEGRAM_CHANNEL_FREE not set. Set the env var to enable free channel posting.
[dispatcher] 📋 Would have sent: 13 alerts
  - Unknown Card (S-tier, score 85) — queued 2026-03-03T07:17:44.770Z
  - Unknown Card (S-tier, score 85) — queued 2026-03-03T07:17:45.751Z
  - Unknown Card (S-tier, score 100) — queued 2026-03-03T07:17:46.696Z
  - Unknown Card (S-tier, score 100) — queued 2026-03-03T07:17:47.933Z
  - Unknown Card (S-tier, score 100) — queued 2026-03-03T07:17:48.934Z
  - Unknown Card (S-tier, score 93) — queued 2026-03-03T07:17:49.904Z
  - Unknown Card (A-tier, score 92) — queued 2026-03-03T07:17:50.897Z
  - Unknown Card (A-tier, score 92) — queued 2026-03-03T07:17:51.856Z
  - Unknown Card (A-tier, score 100) — queued 2026-03-03T07:17:52.839Z
  - Unknown Card (A-tier, score 92) — queued 2026-03-03T07:17:53.821Z
  - Unknown Card (A-tier, score 92) — queued 2026-03-03T07:17:54.936Z
  - Unknown Card (A-tier, score 85) — queued 2026-03-03T07:17:55.919Z
  - Unknown Card (A-tier, score 80) — queued 2026-03-03T07:17:56.870Z
[dispatcher] 🚀 Free Tier Dispatcher starting — 8.3.2026, 13:26:11
[dispatcher] 📊 Queue: 0 pending | 13 due | 0 sent | 13 total queued
[dispatcher] 📤 13 alert(s) ready to dispatch
[dispatcher] ⚠️  TELEGRAM_CHANNEL_FREE not set. Set the env var to enable free channel posting.
[dispatcher] 📋 Would have sent: 13 alerts
  - Unknown Card (S-tier, score 85) — queued 2026-03-03T07:17:44.770Z
  - Unknown Card (S-tier, score 85) — queued 2026-03-03T07:17:45.751Z
  - Unknown Card (S-tier, score 100) — queued 2026-03-03T07:17:46.696Z
  - Unknown Card (S-tier, score 100) — queued 2026-03-03T07:17:47.933Z
  - Unknown Card (S-tier, score 100) — queued 2026-03-03T07:17:48.934Z
  - Unknown Card (S-tier, score 93) — queued 2026-03-03T07:17:49.904Z
  - Unknown Card (A-tier, score 92) — queued 2026-03-03T07:17:50.897Z
  - Unknown Card (A-tier, score 92) — queued 2026-03-03T07:17:51.856Z
  - Unknown Card (A-tier, score 100) — queued 2026-03-03T07:17:52.839Z
  - Unknown Card (A-tier, score 92) — queued 2026-03-03T07:17:53.821Z
  - Unknown Card (A-tier, score 92) — queued 2026-03-03T07:17:54.936Z
  - Unknown Card (A-tier, score 85) — queued 2026-03-03T07:17:55.919Z
  - Unknown Card (A-tier, score 80) — queued 2026-03-03T07:17:56.870Z
[dispatcher] 🚀 Free Tier Dispatcher starting — 8.3.2026, 17:00:38
[dispatcher] 📊 Queue: 0 pending | 13 due | 0 sent | 13 total queued
[dispatcher] 📤 13 alert(s) ready to dispatch
[dispatcher] ⚠️  TELEGRAM_CHANNEL_FREE not set. Set the env var to enable free channel posting.
[dispatcher] 📋 Would have sent: 13 alerts
  - Unknown Card (S-tier, score 85) — queued 2026-03-03T07:17:44.770Z
  - Unknown Card (S-tier, score 85) — queued 2026-03-03T07:17:45.751Z
  - Unknown Card (S-tier, score 100) — queued 2026-03-03T07:17:46.696Z
  - Unknown Card (S-tier, score 100) — queued 2026-03-03T07:17:47.933Z
  - Unknown Card (S-tier, score 100) — queued 2026-03-03T07:17:48.934Z
  - Unknown Card (S-tier, score 93) — queued 2026-03-03T07:17:49.904Z
  - Unknown Card (A-tier, score 92) — queued 2026-03-03T07:17:50.897Z
  - Unknown Card (A-tier, score 92) — queued 2026-03-03T07:17:51.856Z
  - Unknown Card (A-tier, score 100) — queued 2026-03-03T07:17:52.839Z
  - Unknown Card (A-tier, score 92) — queued 2026-03-03T07:17:53.821Z
  - Unknown Card (A-tier, score 92) — queued 2026-03-03T07:17:54.936Z
  - Unknown Card (A-tier, score 85) — queued 2026-03-03T07:17:55.919Z
  - Unknown Card (A-tier, score 80) — queued 2026-03-03T07:17:56.870Z
[dispatcher] 🚀 Free Tier Dispatcher starting — 8.3.2026, 17:30:32
[dispatcher] 📊 Queue: 0 pending | 13 due | 0 sent | 13 total queued
[dispatcher] 📤 13 alert(s) ready to dispatch
[dispatcher] ⚠️  TELEGRAM_CHANNEL_FREE not set. Set the env var to enable free channel posting.
[dispatcher] 📋 Would have sent: 13 alerts
  - Unknown Card (S-tier, score 85) — queued 2026-03-03T07:17:44.770Z
  - Unknown Card (S-tier, score 85) — queued 2026-03-03T07:17:45.751Z
  - Unknown Card (S-tier, score 100) — queued 2026-03-03T07:17:46.696Z
  - Unknown Card (S-tier, score 100) — queued 2026-03-03T07:17:47.933Z
  - Unknown Card (S-tier, score 100) — queued 2026-03-03T07:17:48.934Z
  - Unknown Card (S-tier, score 93) — queued 2026-03-03T07:17:49.904Z
  - Unknown Card (A-tier, score 92) — queued 2026-03-03T07:17:50.897Z
  - Unknown Card (A-tier, score 92) — queued 2026-03-03T07:17:51.856Z
  - Unknown Card (A-tier, score 100) — queued 2026-03-03T07:17:52.839Z
  - Unknown Card (A-tier, score 92) — queued 2026-03-03T07:17:53.821Z
  - Unknown Card (A-tier, score 92) — queued 2026-03-03T07:17:54.936Z
  - Unknown Card (A-tier, score 85) — queued 2026-03-03T07:17:55.919Z
  - Unknown Card (A-tier, score 80) — queued 2026-03-03T07:17:56.870Z
[dispatcher] 🚀 Free Tier Dispatcher starting — 8.3.2026, 18:31:36
[dispatcher] 📊 Queue: 0 pending | 13 due | 0 sent | 13 total queued
[dispatcher] 📤 13 alert(s) ready to dispatch
[dispatcher] ⚠️  TELEGRAM_CHANNEL_FREE not set. Set the env var to enable free channel posting.
[dispatcher] 📋 Would have sent: 13 alerts
  - Unknown Card (S-tier, score 85) — queued 2026-03-03T07:17:44.770Z
  - Unknown Card (S-tier, score 85) — queued 2026-03-03T07:17:45.751Z
  - Unknown Card (S-tier, score 100) — queued 2026-03-03T07:17:46.696Z
  - Unknown Card (S-tier, score 100) — queued 2026-03-03T07:17:47.933Z
  - Unknown Card (S-tier, score 100) — queued 2026-03-03T07:17:48.934Z
  - Unknown Card (S-tier, score 93) — queued 2026-03-03T07:17:49.904Z
  - Unknown Card (A-tier, score 92) — queued 2026-03-03T07:17:50.897Z
  - Unknown Card (A-tier, score 92) — queued 2026-03-03T07:17:51.856Z
  - Unknown Card (A-tier, score 100) — queued 2026-03-03T07:17:52.839Z
  - Unknown Card (A-tier, score 92) — queued 2026-03-03T07:17:53.821Z
  - Unknown Card (A-tier, score 92) — queued 2026-03-03T07:17:54.936Z
  - Unknown Card (A-tier, score 85) — queued 2026-03-03T07:17:55.919Z
  - Unknown Card (A-tier, score 80) — queued 2026-03-03T07:17:56.870Z
[dispatcher] 🚀 Free Tier Dispatcher starting — 8.3.2026, 19:32:44
[dispatcher] 📊 Queue: 0 pending | 13 due | 0 sent | 13 total queued
[dispatcher] 📤 13 alert(s) ready to dispatch
[dispatcher] ⚠️  TELEGRAM_CHANNEL_FREE not set. Set the env var to enable free channel posting.
[dispatcher] 📋 Would have sent: 13 alerts
  - Unknown Card (S-tier, score 85) — queued 2026-03-03T07:17:44.770Z
  - Unknown Card (S-tier, score 85) — queued 2026-03-03T07:17:45.751Z
  - Unknown Card (S-tier, score 100) — queued 2026-03-03T07:17:46.696Z
  - Unknown Card (S-tier, score 100) — queued 2026-03-03T07:17:47.933Z
  - Unknown Card (S-tier, score 100) — queued 2026-03-03T07:17:48.934Z
  - Unknown Card (S-tier, score 93) — queued 2026-03-03T07:17:49.904Z
  - Unknown Card (A-tier, score 92) — queued 2026-03-03T07:17:50.897Z
  - Unknown Card (A-tier, score 92) — queued 2026-03-03T07:17:51.856Z
  - Unknown Card (A-tier, score 100) — queued 2026-03-03T07:17:52.839Z
  - Unknown Card (A-tier, score 92) — queued 2026-03-03T07:17:53.821Z
  - Unknown Card (A-tier, score 92) — queued 2026-03-03T07:17:54.936Z
  - Unknown Card (A-tier, score 85) — queued 2026-03-03T07:17:55.919Z
  - Unknown Card (A-tier, score 80) — queued 2026-03-03T07:17:56.870Z
[dispatcher] 🚀 Free Tier Dispatcher starting — 8.3.2026, 20:33:46
[dispatcher] 📊 Queue: 0 pending | 13 due | 0 sent | 13 total queued
[dispatcher] 📤 13 alert(s) ready to dispatch
[dispatcher] ⚠️  TELEGRAM_CHANNEL_FREE not set. Set the env var to enable free channel posting.
[dispatcher] 📋 Would have sent: 13 alerts
  - Unknown Card (S-tier, score 85) — queued 2026-03-03T07:17:44.770Z
  - Unknown Card (S-tier, score 85) — queued 2026-03-03T07:17:45.751Z
  - Unknown Card (S-tier, score 100) — queued 2026-03-03T07:17:46.696Z
  - Unknown Card (S-tier, score 100) — queued 2026-03-03T07:17:47.933Z
  - Unknown Card (S-tier, score 100) — queued 2026-03-03T07:17:48.934Z
  - Unknown Card (S-tier, score 93) — queued 2026-03-03T07:17:49.904Z
  - Unknown Card (A-tier, score 92) — queued 2026-03-03T07:17:50.897Z
  - Unknown Card (A-tier, score 92) — queued 2026-03-03T07:17:51.856Z
  - Unknown Card (A-tier, score 100) — queued 2026-03-03T07:17:52.839Z
  - Unknown Card (A-tier, score 92) — queued 2026-03-03T07:17:53.821Z
  - Unknown Card (A-tier, score 92) — queued 2026-03-03T07:17:54.936Z
  - Unknown Card (A-tier, score 85) — queued 2026-03-03T07:17:55.919Z
  - Unknown Card (A-tier, score 80) — queued 2026-03-03T07:17:56.870Z
[dispatcher] 🚀 Free Tier Dispatcher starting — 8.3.2026, 23:37:01
[dispatcher] 📊 Queue: 0 pending | 13 due | 0 sent | 13 total queued
[dispatcher] 📤 13 alert(s) ready to dispatch
[dispatcher] ⚠️  TELEGRAM_CHANNEL_FREE not set. Set the env var to enable free channel posting.
[dispatcher] 📋 Would have sent: 13 alerts
  - Unknown Card (S-tier, score 85) — queued 2026-03-03T07:17:44.770Z
  - Unknown Card (S-tier, score 85) — queued 2026-03-03T07:17:45.751Z
  - Unknown Card (S-tier, score 100) — queued 2026-03-03T07:17:46.696Z
  - Unknown Card (S-tier, score 100) — queued 2026-03-03T07:17:47.933Z
  - Unknown Card (S-tier, score 100) — queued 2026-03-03T07:17:48.934Z
  - Unknown Card (S-tier, score 93) — queued 2026-03-03T07:17:49.904Z
  - Unknown Card (A-tier, score 92) — queued 2026-03-03T07:17:50.897Z
  - Unknown Card (A-tier, score 92) — queued 2026-03-03T07:17:51.856Z
  - Unknown Card (A-tier, score 100) — queued 2026-03-03T07:17:52.839Z
  - Unknown Card (A-tier, score 92) — queued 2026-03-03T07:17:53.821Z
  - Unknown Card (A-tier, score 92) — queued 2026-03-03T07:17:54.936Z
  - Unknown Card (A-tier, score 85) — queued 2026-03-03T07:17:55.919Z
  - Unknown Card (A-tier, score 80) — queued 2026-03-03T07:17:56.870Z
[dispatcher] 🚀 Free Tier Dispatcher starting — 9.3.2026, 00:38:13
[dispatcher] 📊 Queue: 0 pending | 13 due | 0 sent | 13 total queued
[dispatcher] 📤 13 alert(s) ready to dispatch
[dispatcher] ⚠️  TELEGRAM_CHANNEL_FREE not set. Set the env var to enable free channel posting.
[dispatcher] 📋 Would have sent: 13 alerts
  - Unknown Card (S-tier, score 85) — queued 2026-03-03T07:17:44.770Z
  - Unknown Card (S-tier, score 85) — queued 2026-03-03T07:17:45.751Z
  - Unknown Card (S-tier, score 100) — queued 2026-03-03T07:17:46.696Z
  - Unknown Card (S-tier, score 100) — queued 2026-03-03T07:17:47.933Z
  - Unknown Card (S-tier, score 100) — queued 2026-03-03T07:17:48.934Z
  - Unknown Card (S-tier, score 93) — queued 2026-03-03T07:17:49.904Z
  - Unknown Card (A-tier, score 92) — queued 2026-03-03T07:17:50.897Z
  - Unknown Card (A-tier, score 92) — queued 2026-03-03T07:17:51.856Z
  - Unknown Card (A-tier, score 100) — queued 2026-03-03T07:17:52.839Z
  - Unknown Card (A-tier, score 92) — queued 2026-03-03T07:17:53.821Z
  - Unknown Card (A-tier, score 92) — queued 2026-03-03T07:17:54.936Z
  - Unknown Card (A-tier, score 85) — queued 2026-03-03T07:17:55.919Z
  - Unknown Card (A-tier, score 80) — queued 2026-03-03T07:17:56.870Z
[dispatcher] 🚀 Free Tier Dispatcher starting — 9.3.2026, 02:01:04
[dispatcher] 📊 Queue: 0 pending | 13 due | 0 sent | 13 total queued
[dispatcher] 📤 13 alert(s) ready to dispatch
[dispatcher] ⚠️  TELEGRAM_CHANNEL_FREE not set. Set the env var to enable free channel posting.
[dispatcher] 📋 Would have sent: 13 alerts
  - Unknown Card (S-tier, score 85) — queued 2026-03-03T07:17:44.770Z
  - Unknown Card (S-tier, score 85) — queued 2026-03-03T07:17:45.751Z
  - Unknown Card (S-tier, score 100) — queued 2026-03-03T07:17:46.696Z
  - Unknown Card (S-tier, score 100) — queued 2026-03-03T07:17:47.933Z
  - Unknown Card (S-tier, score 100) — queued 2026-03-03T07:17:48.934Z
  - Unknown Card (S-tier, score 93) — queued 2026-03-03T07:17:49.904Z
  - Unknown Card (A-tier, score 92) — queued 2026-03-03T07:17:50.897Z
  - Unknown Card (A-tier, score 92) — queued 2026-03-03T07:17:51.856Z
  - Unknown Card (A-tier, score 100) — queued 2026-03-03T07:17:52.839Z
  - Unknown Card (A-tier, score 92) — queued 2026-03-03T07:17:53.821Z
  - Unknown Card (A-tier, score 92) — queued 2026-03-03T07:17:54.936Z
  - Unknown Card (A-tier, score 85) — queued 2026-03-03T07:17:55.919Z
  - Unknown Card (A-tier, score 80) — queued 2026-03-03T07:17:56.870Z
=== Free tier dispatcher run @ 2026-03-10 13:03:34 CET ===
TELEGRAM_CHANNEL_FREE is NOT set in environment. Checking .env files...
7:TELEGRAM_CHANNEL_FREE=                 # Optional: public free/teaser channel ID
--- Dispatcher output ---
[dispatcher] 🚀 Free Tier Dispatcher starting — 10.3.2026, 13:03:34
[dispatcher] 📊 Queue: 0 pending | 13 due | 0 sent | 13 total queued
[dispatcher] 📤 13 alert(s) ready to dispatch
[dispatcher] ⚠️  TELEGRAM_CHANNEL_FREE not set. Set the env var to enable free channel posting.
[dispatcher] 📋 Would have sent: 13 alerts
  - Unknown Card (S-tier, score 85) — queued 2026-03-03T07:17:44.770Z
  - Unknown Card (S-tier, score 85) — queued 2026-03-03T07:17:45.751Z
  - Unknown Card (S-tier, score 100) — queued 2026-03-03T07:17:46.696Z
  - Unknown Card (S-tier, score 100) — queued 2026-03-03T07:17:47.933Z
  - Unknown Card (S-tier, score 100) — queued 2026-03-03T07:17:48.934Z
  - Unknown Card (S-tier, score 93) — queued 2026-03-03T07:17:49.904Z
  - Unknown Card (A-tier, score 92) — queued 2026-03-03T07:17:50.897Z
  - Unknown Card (A-tier, score 92) — queued 2026-03-03T07:17:51.856Z
  - Unknown Card (A-tier, score 100) — queued 2026-03-03T07:17:52.839Z
  - Unknown Card (A-tier, score 92) — queued 2026-03-03T07:17:53.821Z
  - Unknown Card (A-tier, score 92) — queued 2026-03-03T07:17:54.936Z
  - Unknown Card (A-tier, score 85) — queued 2026-03-03T07:17:55.919Z
  - Unknown Card (A-tier, score 80) — queued 2026-03-03T07:17:56.870Z
=== End run ===
===== 2026-03-12T04:14:24Z free-tier-dispatcher =====
ENV_CHECK: TELEGRAM_CHANNEL_FREE not set in process env
ENV_CHECK: found TELEGRAM_CHANNEL_FREE in .env.example
[dispatcher] 🚀 Free Tier Dispatcher starting — 12.3.2026, 05:14:25
[dispatcher] 📊 Queue: 0 pending | 13 due | 0 sent | 13 total queued
[dispatcher] 📤 13 alert(s) ready to dispatch
[dispatcher] ⚠️  TELEGRAM_CHANNEL_FREE not set. Set the env var to enable free channel posting.
[dispatcher] 📋 Would have sent: 13 alerts
  - Unknown Card (S-tier, score 85) — queued 2026-03-03T07:17:44.770Z
  - Unknown Card (S-tier, score 85) — queued 2026-03-03T07:17:45.751Z
  - Unknown Card (S-tier, score 100) — queued 2026-03-03T07:17:46.696Z
  - Unknown Card (S-tier, score 100) — queued 2026-03-03T07:17:47.933Z
  - Unknown Card (S-tier, score 100) — queued 2026-03-03T07:17:48.934Z
  - Unknown Card (S-tier, score 93) — queued 2026-03-03T07:17:49.904Z
  - Unknown Card (A-tier, score 92) — queued 2026-03-03T07:17:50.897Z
  - Unknown Card (A-tier, score 92) — queued 2026-03-03T07:17:51.856Z
  - Unknown Card (A-tier, score 100) — queued 2026-03-03T07:17:52.839Z
  - Unknown Card (A-tier, score 92) — queued 2026-03-03T07:17:53.821Z
  - Unknown Card (A-tier, score 92) — queued 2026-03-03T07:17:54.936Z
  - Unknown Card (A-tier, score 85) — queued 2026-03-03T07:17:55.919Z
  - Unknown Card (A-tier, score 80) — queued 2026-03-03T07:17:56.870Z

===== 2026-03-13 15:11:45 CET =====
TELEGRAM_CHANNEL_FREE is NOT set in process env
7:TELEGRAM_CHANNEL_FREE=                 # Optional: public free/teaser channel ID
[dispatcher] 🚀 Free Tier Dispatcher starting — 13.3.2026, 15:11:45
[dispatcher] 📊 Queue: 0 pending | 13 due | 0 sent | 13 total queued
[dispatcher] 📤 13 alert(s) ready to dispatch
[dispatcher] ⚠️  TELEGRAM_CHANNEL_FREE not set. Set the env var to enable free channel posting.
[dispatcher] 📋 Would have sent: 13 alerts
  - Unknown Card (S-tier, score 85) — queued 2026-03-03T07:17:44.770Z
  - Unknown Card (S-tier, score 85) — queued 2026-03-03T07:17:45.751Z
  - Unknown Card (S-tier, score 100) — queued 2026-03-03T07:17:46.696Z
  - Unknown Card (S-tier, score 100) — queued 2026-03-03T07:17:47.933Z
  - Unknown Card (S-tier, score 100) — queued 2026-03-03T07:17:48.934Z
  - Unknown Card (S-tier, score 93) — queued 2026-03-03T07:17:49.904Z
  - Unknown Card (A-tier, score 92) — queued 2026-03-03T07:17:50.897Z
  - Unknown Card (A-tier, score 92) — queued 2026-03-03T07:17:51.856Z
  - Unknown Card (A-tier, score 100) — queued 2026-03-03T07:17:52.839Z
  - Unknown Card (A-tier, score 92) — queued 2026-03-03T07:17:53.821Z
  - Unknown Card (A-tier, score 92) — queued 2026-03-03T07:17:54.936Z
  - Unknown Card (A-tier, score 85) — queued 2026-03-03T07:17:55.919Z
  - Unknown Card (A-tier, score 80) — queued 2026-03-03T07:17:56.870Z

